CRITICAL - 2020-12-31 00:20:29 --> syntax error, unexpected 'return' (T_RETURN)
#0 C:\xampp\htdocs\ci4app\system\Autoloader\Autoloader.php(274): CodeIgniter\Autoloader\Autoloader->includeFile('C:\\xampp\\htdocs...')
#1 C:\xampp\htdocs\ci4app\system\Autoloader\Autoloader.php(228): CodeIgniter\Autoloader\Autoloader->loadInNamespace('App\\Controllers...')
#2 [internal function]: CodeIgniter\Autoloader\Autoloader->loadClass('App\\Controllers...')
#3 [internal function]: spl_autoload_call('App\\Controllers...')
#4 C:\xampp\htdocs\ci4app\system\CodeIgniter.php(888): class_exists('\\App\\Controller...', true)
#5 C:\xampp\htdocs\ci4app\system\CodeIgniter.php(412): CodeIgniter\CodeIgniter->startController()
#6 C:\xampp\htdocs\ci4app\system\CodeIgniter.php(333): CodeIgniter\CodeIgniter->handleRequest(NULL, Object(Config\Cache), false)
#7 C:\xampp\htdocs\ci4app\public\index.php(44): CodeIgniter\CodeIgniter->run()
#8 C:\xampp\htdocs\ci4app\system\Commands\Server\rewrite.php(45): require_once('C:\\xampp\\htdocs...')
#9 {main}
CRITICAL - 2020-12-31 00:21:37 --> syntax error, unexpected 'return' (T_RETURN)
#0 C:\xampp\htdocs\ci4app\system\Autoloader\Autoloader.php(274): CodeIgniter\Autoloader\Autoloader->includeFile('C:\\xampp\\htdocs...')
#1 C:\xampp\htdocs\ci4app\system\Autoloader\Autoloader.php(228): CodeIgniter\Autoloader\Autoloader->loadInNamespace('App\\Controllers...')
#2 [internal function]: CodeIgniter\Autoloader\Autoloader->loadClass('App\\Controllers...')
#3 [internal function]: spl_autoload_call('App\\Controllers...')
#4 C:\xampp\htdocs\ci4app\system\CodeIgniter.php(888): class_exists('\\App\\Controller...', true)
#5 C:\xampp\htdocs\ci4app\system\CodeIgniter.php(412): CodeIgniter\CodeIgniter->startController()
#6 C:\xampp\htdocs\ci4app\system\CodeIgniter.php(333): CodeIgniter\CodeIgniter->handleRequest(NULL, Object(Config\Cache), false)
#7 C:\xampp\htdocs\ci4app\public\index.php(44): CodeIgniter\CodeIgniter->run()
#8 C:\xampp\htdocs\ci4app\system\Commands\Server\rewrite.php(45): require_once('C:\\xampp\\htdocs...')
#9 {main}
CRITICAL - 2020-12-31 00:23:20 --> syntax error, unexpected 'return' (T_RETURN)
#0 C:\xampp\htdocs\ci4app\system\Autoloader\Autoloader.php(274): CodeIgniter\Autoloader\Autoloader->includeFile('C:\\xampp\\htdocs...')
#1 C:\xampp\htdocs\ci4app\system\Autoloader\Autoloader.php(228): CodeIgniter\Autoloader\Autoloader->loadInNamespace('App\\Controllers...')
#2 [internal function]: CodeIgniter\Autoloader\Autoloader->loadClass('App\\Controllers...')
#3 [internal function]: spl_autoload_call('App\\Controllers...')
#4 C:\xampp\htdocs\ci4app\system\CodeIgniter.php(888): class_exists('\\App\\Controller...', true)
#5 C:\xampp\htdocs\ci4app\system\CodeIgniter.php(412): CodeIgniter\CodeIgniter->startController()
#6 C:\xampp\htdocs\ci4app\system\CodeIgniter.php(333): CodeIgniter\CodeIgniter->handleRequest(NULL, Object(Config\Cache), false)
#7 C:\xampp\htdocs\ci4app\public\index.php(44): CodeIgniter\CodeIgniter->run()
#8 C:\xampp\htdocs\ci4app\system\Commands\Server\rewrite.php(45): require_once('C:\\xampp\\htdocs...')
#9 {main}
CRITICAL - 2020-12-31 00:23:22 --> syntax error, unexpected 'return' (T_RETURN)
#0 C:\xampp\htdocs\ci4app\system\Autoloader\Autoloader.php(274): CodeIgniter\Autoloader\Autoloader->includeFile('C:\\xampp\\htdocs...')
#1 C:\xampp\htdocs\ci4app\system\Autoloader\Autoloader.php(228): CodeIgniter\Autoloader\Autoloader->loadInNamespace('App\\Controllers...')
#2 [internal function]: CodeIgniter\Autoloader\Autoloader->loadClass('App\\Controllers...')
#3 [internal function]: spl_autoload_call('App\\Controllers...')
#4 C:\xampp\htdocs\ci4app\system\CodeIgniter.php(888): class_exists('\\App\\Controller...', true)
#5 C:\xampp\htdocs\ci4app\system\CodeIgniter.php(412): CodeIgniter\CodeIgniter->startController()
#6 C:\xampp\htdocs\ci4app\system\CodeIgniter.php(333): CodeIgniter\CodeIgniter->handleRequest(NULL, Object(Config\Cache), false)
#7 C:\xampp\htdocs\ci4app\public\index.php(44): CodeIgniter\CodeIgniter->run()
#8 C:\xampp\htdocs\ci4app\system\Commands\Server\rewrite.php(45): require_once('C:\\xampp\\htdocs...')
#9 {main}
CRITICAL - 2020-12-31 00:23:35 --> syntax error, unexpected 'return' (T_RETURN)
#0 C:\xampp\htdocs\ci4app\system\Autoloader\Autoloader.php(274): CodeIgniter\Autoloader\Autoloader->includeFile('C:\\xampp\\htdocs...')
#1 C:\xampp\htdocs\ci4app\system\Autoloader\Autoloader.php(228): CodeIgniter\Autoloader\Autoloader->loadInNamespace('App\\Controllers...')
#2 [internal function]: CodeIgniter\Autoloader\Autoloader->loadClass('App\\Controllers...')
#3 [internal function]: spl_autoload_call('App\\Controllers...')
#4 C:\xampp\htdocs\ci4app\system\CodeIgniter.php(888): class_exists('\\App\\Controller...', true)
#5 C:\xampp\htdocs\ci4app\system\CodeIgniter.php(412): CodeIgniter\CodeIgniter->startController()
#6 C:\xampp\htdocs\ci4app\system\CodeIgniter.php(333): CodeIgniter\CodeIgniter->handleRequest(NULL, Object(Config\Cache), false)
#7 C:\xampp\htdocs\ci4app\public\index.php(44): CodeIgniter\CodeIgniter->run()
#8 C:\xampp\htdocs\ci4app\system\Commands\Server\rewrite.php(45): require_once('C:\\xampp\\htdocs...')
#9 {main}
CRITICAL - 2020-12-31 00:56:55 --> Trying to access array offset on value of type null
#0 C:\xampp\htdocs\ci4app\app\Views\anime\detail.php(11): CodeIgniter\Debug\Exceptions->errorHandler(8, 'Trying to acces...', 'C:\\xampp\\htdocs...', 11, Array)
#1 C:\xampp\htdocs\ci4app\system\View\View.php(219): include('C:\\xampp\\htdocs...')
#2 C:\xampp\htdocs\ci4app\system\Common.php(1213): CodeIgniter\View\View->render('anime/detail', Array, true)
#3 C:\xampp\htdocs\ci4app\app\Controllers\Anime.php(34): view('anime/detail', Array)
#4 C:\xampp\htdocs\ci4app\system\CodeIgniter.php(931): App\Controllers\Anime->detail('asd')
#5 C:\xampp\htdocs\ci4app\system\CodeIgniter.php(427): CodeIgniter\CodeIgniter->runController(Object(App\Controllers\Anime))
#6 C:\xampp\htdocs\ci4app\system\CodeIgniter.php(333): CodeIgniter\CodeIgniter->handleRequest(NULL, Object(Config\Cache), false)
#7 C:\xampp\htdocs\ci4app\public\index.php(44): CodeIgniter\CodeIgniter->run()
#8 C:\xampp\htdocs\ci4app\system\Commands\Server\rewrite.php(45): require_once('C:\\xampp\\htdocs...')
#9 {main}
CRITICAL - 2020-12-31 00:58:48 --> Trying to access array offset on value of type null
#0 C:\xampp\htdocs\ci4app\app\Views\anime\detail.php(11): CodeIgniter\Debug\Exceptions->errorHandler(8, 'Trying to acces...', 'C:\\xampp\\htdocs...', 11, Array)
#1 C:\xampp\htdocs\ci4app\system\View\View.php(219): include('C:\\xampp\\htdocs...')
#2 C:\xampp\htdocs\ci4app\system\Common.php(1213): CodeIgniter\View\View->render('anime/detail', Array, true)
#3 C:\xampp\htdocs\ci4app\app\Controllers\Anime.php(34): view('anime/detail', Array)
#4 C:\xampp\htdocs\ci4app\system\CodeIgniter.php(931): App\Controllers\Anime->detail('anime')
#5 C:\xampp\htdocs\ci4app\system\CodeIgniter.php(427): CodeIgniter\CodeIgniter->runController(Object(App\Controllers\Anime))
#6 C:\xampp\htdocs\ci4app\system\CodeIgniter.php(333): CodeIgniter\CodeIgniter->handleRequest(NULL, Object(Config\Cache), false)
#7 C:\xampp\htdocs\ci4app\public\index.php(44): CodeIgniter\CodeIgniter->run()
#8 C:\xampp\htdocs\ci4app\system\Commands\Server\rewrite.php(45): require_once('C:\\xampp\\htdocs...')
#9 {main}
CRITICAL - 2020-12-31 00:59:26 --> Trying to access array offset on value of type null
#0 C:\xampp\htdocs\ci4app\app\Views\anime\detail.php(11): CodeIgniter\Debug\Exceptions->errorHandler(8, 'Trying to acces...', 'C:\\xampp\\htdocs...', 11, Array)
#1 C:\xampp\htdocs\ci4app\system\View\View.php(219): include('C:\\xampp\\htdocs...')
#2 C:\xampp\htdocs\ci4app\system\Common.php(1213): CodeIgniter\View\View->render('anime/detail', Array, true)
#3 C:\xampp\htdocs\ci4app\app\Controllers\Anime.php(34): view('anime/detail', Array)
#4 C:\xampp\htdocs\ci4app\system\CodeIgniter.php(931): App\Controllers\Anime->detail('anime')
#5 C:\xampp\htdocs\ci4app\system\CodeIgniter.php(427): CodeIgniter\CodeIgniter->runController(Object(App\Controllers\Anime))
#6 C:\xampp\htdocs\ci4app\system\CodeIgniter.php(333): CodeIgniter\CodeIgniter->handleRequest(NULL, Object(Config\Cache), false)
#7 C:\xampp\htdocs\ci4app\public\index.php(44): CodeIgniter\CodeIgniter->run()
#8 C:\xampp\htdocs\ci4app\system\Commands\Server\rewrite.php(45): require_once('C:\\xampp\\htdocs...')
#9 {main}
CRITICAL - 2020-12-31 01:00:13 --> Trying to access array offset on value of type null
#0 C:\xampp\htdocs\ci4app\app\Views\anime\detail.php(11): CodeIgniter\Debug\Exceptions->errorHandler(8, 'Trying to acces...', 'C:\\xampp\\htdocs...', 11, Array)
#1 C:\xampp\htdocs\ci4app\system\View\View.php(219): include('C:\\xampp\\htdocs...')
#2 C:\xampp\htdocs\ci4app\system\Common.php(1213): CodeIgniter\View\View->render('anime/detail', Array, true)
#3 C:\xampp\htdocs\ci4app\app\Controllers\Anime.php(34): view('anime/detail', Array)
#4 C:\xampp\htdocs\ci4app\system\CodeIgniter.php(931): App\Controllers\Anime->detail('asd')
#5 C:\xampp\htdocs\ci4app\system\CodeIgniter.php(427): CodeIgniter\CodeIgniter->runController(Object(App\Controllers\Anime))
#6 C:\xampp\htdocs\ci4app\system\CodeIgniter.php(333): CodeIgniter\CodeIgniter->handleRequest(NULL, Object(Config\Cache), false)
#7 C:\xampp\htdocs\ci4app\public\index.php(44): CodeIgniter\CodeIgniter->run()
#8 C:\xampp\htdocs\ci4app\system\Commands\Server\rewrite.php(45): require_once('C:\\xampp\\htdocs...')
#9 {main}
CRITICAL - 2020-12-31 01:00:18 --> Trying to access array offset on value of type null
#0 C:\xampp\htdocs\ci4app\app\Views\anime\detail.php(11): CodeIgniter\Debug\Exceptions->errorHandler(8, 'Trying to acces...', 'C:\\xampp\\htdocs...', 11, Array)
#1 C:\xampp\htdocs\ci4app\system\View\View.php(219): include('C:\\xampp\\htdocs...')
#2 C:\xampp\htdocs\ci4app\system\Common.php(1213): CodeIgniter\View\View->render('anime/detail', Array, true)
#3 C:\xampp\htdocs\ci4app\app\Controllers\Anime.php(34): view('anime/detail', Array)
#4 C:\xampp\htdocs\ci4app\system\CodeIgniter.php(931): App\Controllers\Anime->detail('tambah')
#5 C:\xampp\htdocs\ci4app\system\CodeIgniter.php(427): CodeIgniter\CodeIgniter->runController(Object(App\Controllers\Anime))
#6 C:\xampp\htdocs\ci4app\system\CodeIgniter.php(333): CodeIgniter\CodeIgniter->handleRequest(NULL, Object(Config\Cache), false)
#7 C:\xampp\htdocs\ci4app\public\index.php(44): CodeIgniter\CodeIgniter->run()
#8 C:\xampp\htdocs\ci4app\system\Commands\Server\rewrite.php(45): require_once('C:\\xampp\\htdocs...')
#9 {main}
CRITICAL - 2020-12-31 01:40:20 --> Allowed fields must be specified for model: App\Models\AnimeModel
#0 C:\xampp\htdocs\ci4app\system\BaseModel.php(1240): CodeIgniter\Database\Exceptions\DataException::forInvalidAllowedFields('App\\Models\\Anim...')
#1 C:\xampp\htdocs\ci4app\system\BaseModel.php(755): CodeIgniter\BaseModel->doProtectFields(Array)
#2 C:\xampp\htdocs\ci4app\system\Model.php(672): CodeIgniter\BaseModel->insert(Array, false, NULL)
#3 C:\xampp\htdocs\ci4app\system\BaseModel.php(668): CodeIgniter\Model->insert(Array, false)
#4 C:\xampp\htdocs\ci4app\app\Controllers\Anime.php(61): CodeIgniter\BaseModel->save(Array)
#5 C:\xampp\htdocs\ci4app\system\CodeIgniter.php(931): App\Controllers\Anime->save()
#6 C:\xampp\htdocs\ci4app\system\CodeIgniter.php(427): CodeIgniter\CodeIgniter->runController(Object(App\Controllers\Anime))
#7 C:\xampp\htdocs\ci4app\system\CodeIgniter.php(333): CodeIgniter\CodeIgniter->handleRequest(NULL, Object(Config\Cache), false)
#8 C:\xampp\htdocs\ci4app\public\index.php(44): CodeIgniter\CodeIgniter->run()
#9 C:\xampp\htdocs\ci4app\system\Commands\Server\rewrite.php(45): require_once('C:\\xampp\\htdocs...')
#10 {main}
CRITICAL - 2020-12-31 03:06:40 --> syntax error, unexpected '/'
#0 C:\xampp\htdocs\ci4app\system\Autoloader\Autoloader.php(274): CodeIgniter\Autoloader\Autoloader->includeFile('C:\\xampp\\htdocs...')
#1 C:\xampp\htdocs\ci4app\system\Autoloader\Autoloader.php(228): CodeIgniter\Autoloader\Autoloader->loadInNamespace('App\\Controllers...')
#2 [internal function]: CodeIgniter\Autoloader\Autoloader->loadClass('App\\Controllers...')
#3 [internal function]: spl_autoload_call('App\\Controllers...')
#4 C:\xampp\htdocs\ci4app\system\CodeIgniter.php(888): class_exists('\\App\\Controller...', true)
#5 C:\xampp\htdocs\ci4app\system\CodeIgniter.php(412): CodeIgniter\CodeIgniter->startController()
#6 C:\xampp\htdocs\ci4app\system\CodeIgniter.php(333): CodeIgniter\CodeIgniter->handleRequest(NULL, Object(Config\Cache), false)
#7 C:\xampp\htdocs\ci4app\public\index.php(44): CodeIgniter\CodeIgniter->run()
#8 C:\xampp\htdocs\ci4app\system\Commands\Server\rewrite.php(45): require_once('C:\\xampp\\htdocs...')
#9 {main}
CRITICAL - 2020-12-31 03:06:56 --> required  is not a valid rule.
#0 C:\xampp\htdocs\ci4app\system\Validation\Validation.php(313): CodeIgniter\Validation\Exceptions\ValidationException::forRuleNotFound('required ')
#1 C:\xampp\htdocs\ci4app\system\Validation\Validation.php(164): CodeIgniter\Validation\Validation->processRules('judul', 'judul', '', Array, Array)
#2 C:\xampp\htdocs\ci4app\system\Controller.php(181): CodeIgniter\Validation\Validation->run()
#3 C:\xampp\htdocs\ci4app\app\Controllers\Anime.php(56): CodeIgniter\Controller->validate(Array)
#4 C:\xampp\htdocs\ci4app\system\CodeIgniter.php(931): App\Controllers\Anime->saves()
#5 C:\xampp\htdocs\ci4app\system\CodeIgniter.php(427): CodeIgniter\CodeIgniter->runController(Object(App\Controllers\Anime))
#6 C:\xampp\htdocs\ci4app\system\CodeIgniter.php(333): CodeIgniter\CodeIgniter->handleRequest(NULL, Object(Config\Cache), false)
#7 C:\xampp\htdocs\ci4app\public\index.php(44): CodeIgniter\CodeIgniter->run()
#8 C:\xampp\htdocs\ci4app\system\Commands\Server\rewrite.php(45): require_once('C:\\xampp\\htdocs...')
#9 {main}
CRITICAL - 2020-12-31 03:16:58 --> syntax error, unexpected ''validation'' (T_CONSTANT_ENCAPSED_STRING), expecting ']'
#0 C:\xampp\htdocs\ci4app\system\Router\Router.php(170): CodeIgniter\Router\Router->autoRoute('anime/saves')
#1 C:\xampp\htdocs\ci4app\system\CodeIgniter.php(811): CodeIgniter\Router\Router->handle('anime/saves')
#2 C:\xampp\htdocs\ci4app\system\CodeIgniter.php(385): CodeIgniter\CodeIgniter->tryToRouteIt(Object(CodeIgniter\Router\RouteCollection))
#3 C:\xampp\htdocs\ci4app\system\CodeIgniter.php(333): CodeIgniter\CodeIgniter->handleRequest(NULL, Object(Config\Cache), false)
#4 C:\xampp\htdocs\ci4app\public\index.php(44): CodeIgniter\CodeIgniter->run()
#5 C:\xampp\htdocs\ci4app\system\Commands\Server\rewrite.php(45): require_once('C:\\xampp\\htdocs...')
#6 {main}
CRITICAL - 2020-12-31 03:17:20 --> syntax error, unexpected ''validation'' (T_CONSTANT_ENCAPSED_STRING), expecting ']'
#0 C:\xampp\htdocs\ci4app\system\Router\Router.php(170): CodeIgniter\Router\Router->autoRoute('anime/saves')
#1 C:\xampp\htdocs\ci4app\system\CodeIgniter.php(811): CodeIgniter\Router\Router->handle('anime/saves')
#2 C:\xampp\htdocs\ci4app\system\CodeIgniter.php(385): CodeIgniter\CodeIgniter->tryToRouteIt(Object(CodeIgniter\Router\RouteCollection))
#3 C:\xampp\htdocs\ci4app\system\CodeIgniter.php(333): CodeIgniter\CodeIgniter->handleRequest(NULL, Object(Config\Cache), false)
#4 C:\xampp\htdocs\ci4app\public\index.php(44): CodeIgniter\CodeIgniter->run()
#5 C:\xampp\htdocs\ci4app\system\Commands\Server\rewrite.php(45): require_once('C:\\xampp\\htdocs...')
#6 {main}
CRITICAL - 2020-12-31 03:17:46 --> required  is not a valid rule.
#0 C:\xampp\htdocs\ci4app\system\Validation\Validation.php(313): CodeIgniter\Validation\Exceptions\ValidationException::forRuleNotFound('required ')
#1 C:\xampp\htdocs\ci4app\system\Validation\Validation.php(164): CodeIgniter\Validation\Validation->processRules('judul', 'judul', '', Array, Array)
#2 C:\xampp\htdocs\ci4app\system\Controller.php(181): CodeIgniter\Validation\Validation->run()
#3 C:\xampp\htdocs\ci4app\app\Controllers\Anime.php(58): CodeIgniter\Controller->validate(Array)
#4 C:\xampp\htdocs\ci4app\system\CodeIgniter.php(931): App\Controllers\Anime->saves()
#5 C:\xampp\htdocs\ci4app\system\CodeIgniter.php(427): CodeIgniter\CodeIgniter->runController(Object(App\Controllers\Anime))
#6 C:\xampp\htdocs\ci4app\system\CodeIgniter.php(333): CodeIgniter\CodeIgniter->handleRequest(NULL, Object(Config\Cache), false)
#7 C:\xampp\htdocs\ci4app\public\index.php(44): CodeIgniter\CodeIgniter->run()
#8 C:\xampp\htdocs\ci4app\system\Commands\Server\rewrite.php(45): require_once('C:\\xampp\\htdocs...')
#9 {main}
CRITICAL - 2020-12-31 03:31:28 --> syntax error, unexpected 'if' (T_IF)
#0 C:\xampp\htdocs\ci4app\system\Common.php(1213): CodeIgniter\View\View->render('anime/tambah', Array, true)
#1 C:\xampp\htdocs\ci4app\app\Controllers\Anime.php(51): view('anime/tambah', Array)
#2 C:\xampp\htdocs\ci4app\system\CodeIgniter.php(931): App\Controllers\Anime->tambah()
#3 C:\xampp\htdocs\ci4app\system\CodeIgniter.php(427): CodeIgniter\CodeIgniter->runController(Object(App\Controllers\Anime))
#4 C:\xampp\htdocs\ci4app\system\CodeIgniter.php(333): CodeIgniter\CodeIgniter->handleRequest(NULL, Object(Config\Cache), false)
#5 C:\xampp\htdocs\ci4app\public\index.php(44): CodeIgniter\CodeIgniter->run()
#6 C:\xampp\htdocs\ci4app\system\Commands\Server\rewrite.php(45): require_once('C:\\xampp\\htdocs...')
#7 {main}
CRITICAL - 2020-12-31 03:31:29 --> syntax error, unexpected 'if' (T_IF)
#0 C:\xampp\htdocs\ci4app\system\Common.php(1213): CodeIgniter\View\View->render('anime/tambah', Array, true)
#1 C:\xampp\htdocs\ci4app\app\Controllers\Anime.php(51): view('anime/tambah', Array)
#2 C:\xampp\htdocs\ci4app\system\CodeIgniter.php(931): App\Controllers\Anime->tambah()
#3 C:\xampp\htdocs\ci4app\system\CodeIgniter.php(427): CodeIgniter\CodeIgniter->runController(Object(App\Controllers\Anime))
#4 C:\xampp\htdocs\ci4app\system\CodeIgniter.php(333): CodeIgniter\CodeIgniter->handleRequest(NULL, Object(Config\Cache), false)
#5 C:\xampp\htdocs\ci4app\public\index.php(44): CodeIgniter\CodeIgniter->run()
#6 C:\xampp\htdocs\ci4app\system\Commands\Server\rewrite.php(45): require_once('C:\\xampp\\htdocs...')
#7 {main}
CRITICAL - 2020-12-31 03:31:30 --> syntax error, unexpected 'if' (T_IF)
#0 C:\xampp\htdocs\ci4app\system\Common.php(1213): CodeIgniter\View\View->render('anime/tambah', Array, true)
#1 C:\xampp\htdocs\ci4app\app\Controllers\Anime.php(51): view('anime/tambah', Array)
#2 C:\xampp\htdocs\ci4app\system\CodeIgniter.php(931): App\Controllers\Anime->tambah()
#3 C:\xampp\htdocs\ci4app\system\CodeIgniter.php(427): CodeIgniter\CodeIgniter->runController(Object(App\Controllers\Anime))
#4 C:\xampp\htdocs\ci4app\system\CodeIgniter.php(333): CodeIgniter\CodeIgniter->handleRequest(NULL, Object(Config\Cache), false)
#5 C:\xampp\htdocs\ci4app\public\index.php(44): CodeIgniter\CodeIgniter->run()
#6 C:\xampp\htdocs\ci4app\system\Commands\Server\rewrite.php(45): require_once('C:\\xampp\\htdocs...')
#7 {main}
CRITICAL - 2020-12-31 03:31:57 --> syntax error, unexpected 'if' (T_IF)
#0 C:\xampp\htdocs\ci4app\system\Common.php(1213): CodeIgniter\View\View->render('anime/tambah', Array, true)
#1 C:\xampp\htdocs\ci4app\app\Controllers\Anime.php(51): view('anime/tambah', Array)
#2 C:\xampp\htdocs\ci4app\system\CodeIgniter.php(931): App\Controllers\Anime->tambah()
#3 C:\xampp\htdocs\ci4app\system\CodeIgniter.php(427): CodeIgniter\CodeIgniter->runController(Object(App\Controllers\Anime))
#4 C:\xampp\htdocs\ci4app\system\CodeIgniter.php(333): CodeIgniter\CodeIgniter->handleRequest(NULL, Object(Config\Cache), false)
#5 C:\xampp\htdocs\ci4app\public\index.php(44): CodeIgniter\CodeIgniter->run()
#6 C:\xampp\htdocs\ci4app\system\Commands\Server\rewrite.php(45): require_once('C:\\xampp\\htdocs...')
#7 {main}
CRITICAL - 2020-12-31 03:31:58 --> syntax error, unexpected 'if' (T_IF)
#0 C:\xampp\htdocs\ci4app\system\Common.php(1213): CodeIgniter\View\View->render('anime/tambah', Array, true)
#1 C:\xampp\htdocs\ci4app\app\Controllers\Anime.php(51): view('anime/tambah', Array)
#2 C:\xampp\htdocs\ci4app\system\CodeIgniter.php(931): App\Controllers\Anime->tambah()
#3 C:\xampp\htdocs\ci4app\system\CodeIgniter.php(427): CodeIgniter\CodeIgniter->runController(Object(App\Controllers\Anime))
#4 C:\xampp\htdocs\ci4app\system\CodeIgniter.php(333): CodeIgniter\CodeIgniter->handleRequest(NULL, Object(Config\Cache), false)
#5 C:\xampp\htdocs\ci4app\public\index.php(44): CodeIgniter\CodeIgniter->run()
#6 C:\xampp\htdocs\ci4app\system\Commands\Server\rewrite.php(45): require_once('C:\\xampp\\htdocs...')
#7 {main}
CRITICAL - 2020-12-31 03:33:17 --> Too few arguments to function CodeIgniter\Validation\Validation::setError(), 0 passed in C:\xampp\htdocs\ci4app\app\Views\anime\tambah.php on line 16 and exactly 2 expected
#0 C:\xampp\htdocs\ci4app\app\Views\anime\tambah.php(16): CodeIgniter\Validation\Validation->setError()
#1 C:\xampp\htdocs\ci4app\system\View\View.php(219): include('C:\\xampp\\htdocs...')
#2 C:\xampp\htdocs\ci4app\system\Common.php(1213): CodeIgniter\View\View->render('anime/tambah', Array, true)
#3 C:\xampp\htdocs\ci4app\app\Controllers\Anime.php(51): view('anime/tambah', Array)
#4 C:\xampp\htdocs\ci4app\system\CodeIgniter.php(931): App\Controllers\Anime->tambah()
#5 C:\xampp\htdocs\ci4app\system\CodeIgniter.php(427): CodeIgniter\CodeIgniter->runController(Object(App\Controllers\Anime))
#6 C:\xampp\htdocs\ci4app\system\CodeIgniter.php(333): CodeIgniter\CodeIgniter->handleRequest(NULL, Object(Config\Cache), false)
#7 C:\xampp\htdocs\ci4app\public\index.php(44): CodeIgniter\CodeIgniter->run()
#8 C:\xampp\htdocs\ci4app\system\Commands\Server\rewrite.php(45): require_once('C:\\xampp\\htdocs...')
#9 {main}
ERROR - 2020-12-31 20:45:50 --> Error connecting to the database: No connection could be made because the target machine actively refused it.

CRITICAL - 2020-12-31 20:45:50 --> Unable to connect to the database.
#0 C:\xampp\htdocs\ci4app\system\Database\BaseConnection.php(602): CodeIgniter\Database\BaseConnection->initialize()
#1 C:\xampp\htdocs\ci4app\system\Database\BaseBuilder.php(1866): CodeIgniter\Database\BaseConnection->query('SELECT *\nFROM `...', Array, false)
#2 C:\xampp\htdocs\ci4app\system\Model.php(205): CodeIgniter\Database\BaseBuilder->get()
#3 C:\xampp\htdocs\ci4app\system\BaseModel.php(584): CodeIgniter\Model->doFindAll(0, 0)
#4 C:\xampp\htdocs\ci4app\app\Models\AnimeModel.php(16): CodeIgniter\BaseModel->findAll()
#5 C:\xampp\htdocs\ci4app\app\Controllers\Anime.php(21): App\Models\AnimeModel->getAnime()
#6 C:\xampp\htdocs\ci4app\system\CodeIgniter.php(931): App\Controllers\Anime->index()
#7 C:\xampp\htdocs\ci4app\system\CodeIgniter.php(427): CodeIgniter\CodeIgniter->runController(Object(App\Controllers\Anime))
#8 C:\xampp\htdocs\ci4app\system\CodeIgniter.php(333): CodeIgniter\CodeIgniter->handleRequest(NULL, Object(Config\Cache), false)
#9 C:\xampp\htdocs\ci4app\public\index.php(44): CodeIgniter\CodeIgniter->run()
#10 C:\xampp\htdocs\ci4app\system\Commands\Server\rewrite.php(45): require_once('C:\\xampp\\htdocs...')
#11 {main}
ERROR - 2020-12-31 21:19:30 --> mysqli_sql_exception: Unknown column 'key-visual' in 'where clause' in C:\xampp\htdocs\ci4app\system\Database\MySQLi\Connection.php:314
Stack trace:
#0 C:\xampp\htdocs\ci4app\system\Database\MySQLi\Connection.php(314): mysqli->query('SELECT 1\nFROM `...')
#1 C:\xampp\htdocs\ci4app\system\Database\BaseConnection.php(697): CodeIgniter\Database\MySQLi\Connection->execute('SELECT 1\nFROM `...')
#2 C:\xampp\htdocs\ci4app\system\Database\BaseConnection.php(625): CodeIgniter\Database\BaseConnection->simpleQuery('SELECT 1\nFROM `...')
#3 C:\xampp\htdocs\ci4app\system\Database\BaseBuilder.php(1866): CodeIgniter\Database\BaseConnection->query('SELECT 1\nFROM `...', Array, false)
#4 C:\xampp\htdocs\ci4app\system\Validation\Rules.php(212): CodeIgniter\Database\BaseBuilder->get()
#5 C:\xampp\htdocs\ci4app\system\Validation\Validation.php(305): CodeIgniter\Validation\Rules->is_unique('asd', 'key-visual', Array, NULL)
#6 C:\xampp\htdocs\ci4app\system\Validation\Validation.php(164): CodeIgniter\Validation\Validation->processRules('key-visual', 'key-visual', 'asd', Array, Array)
#7 C:\xampp\htdocs\ci4app\system\Controller.php(181): CodeIgniter\Validation\Validation->run()
#8 C:\xampp\htdocs\ci4app\app\Controllers\Anime.php(59): CodeIgniter\Controller->validate(Array)
#9 C:\xampp\htdocs\ci4app\system\CodeIgniter.php(931): App\Controllers\Anime->saves()
#10 C:\xampp\htdocs\ci4app\system\CodeIgniter.php(427): CodeIgniter\CodeIgniter->runController(Object(App\Controllers\Anime))
#11 C:\xampp\htdocs\ci4app\system\CodeIgniter.php(333): CodeIgniter\CodeIgniter->handleRequest(NULL, Object(Config\Cache), false)
#12 C:\xampp\htdocs\ci4app\public\index.php(44): CodeIgniter\CodeIgniter->run()
#13 C:\xampp\htdocs\ci4app\system\Commands\Server\rewrite.php(45): require_once('C:\\xampp\\htdocs...')
#14 {main}
CRITICAL - 2020-12-31 21:19:30 --> Unknown column 'key-visual' in 'where clause'
#0 C:\xampp\htdocs\ci4app\system\Database\MySQLi\Connection.php(314): mysqli->query('SELECT 1\nFROM `...')
#1 C:\xampp\htdocs\ci4app\system\Database\BaseConnection.php(697): CodeIgniter\Database\MySQLi\Connection->execute('SELECT 1\nFROM `...')
#2 C:\xampp\htdocs\ci4app\system\Database\BaseConnection.php(625): CodeIgniter\Database\BaseConnection->simpleQuery('SELECT 1\nFROM `...')
#3 C:\xampp\htdocs\ci4app\system\Database\BaseBuilder.php(1866): CodeIgniter\Database\BaseConnection->query('SELECT 1\nFROM `...', Array, false)
#4 C:\xampp\htdocs\ci4app\system\Validation\Rules.php(212): CodeIgniter\Database\BaseBuilder->get()
#5 C:\xampp\htdocs\ci4app\system\Validation\Validation.php(305): CodeIgniter\Validation\Rules->is_unique('asd', 'key-visual', Array, NULL)
#6 C:\xampp\htdocs\ci4app\system\Validation\Validation.php(164): CodeIgniter\Validation\Validation->processRules('key-visual', 'key-visual', 'asd', Array, Array)
#7 C:\xampp\htdocs\ci4app\system\Controller.php(181): CodeIgniter\Validation\Validation->run()
#8 C:\xampp\htdocs\ci4app\app\Controllers\Anime.php(59): CodeIgniter\Controller->validate(Array)
#9 C:\xampp\htdocs\ci4app\system\CodeIgniter.php(931): App\Controllers\Anime->saves()
#10 C:\xampp\htdocs\ci4app\system\CodeIgniter.php(427): CodeIgniter\CodeIgniter->runController(Object(App\Controllers\Anime))
#11 C:\xampp\htdocs\ci4app\system\CodeIgniter.php(333): CodeIgniter\CodeIgniter->handleRequest(NULL, Object(Config\Cache), false)
#12 C:\xampp\htdocs\ci4app\public\index.php(44): CodeIgniter\CodeIgniter->run()
#13 C:\xampp\htdocs\ci4app\system\Commands\Server\rewrite.php(45): require_once('C:\\xampp\\htdocs...')
#14 {main}
ERROR - 2020-12-31 21:21:23 --> mysqli_sql_exception: Unknown column 'key-visual' in 'where clause' in C:\xampp\htdocs\ci4app\system\Database\MySQLi\Connection.php:314
Stack trace:
#0 C:\xampp\htdocs\ci4app\system\Database\MySQLi\Connection.php(314): mysqli->query('SELECT 1\nFROM `...')
#1 C:\xampp\htdocs\ci4app\system\Database\BaseConnection.php(697): CodeIgniter\Database\MySQLi\Connection->execute('SELECT 1\nFROM `...')
#2 C:\xampp\htdocs\ci4app\system\Database\BaseConnection.php(625): CodeIgniter\Database\BaseConnection->simpleQuery('SELECT 1\nFROM `...')
#3 C:\xampp\htdocs\ci4app\system\Database\BaseBuilder.php(1866): CodeIgniter\Database\BaseConnection->query('SELECT 1\nFROM `...', Array, false)
#4 C:\xampp\htdocs\ci4app\system\Validation\Rules.php(212): CodeIgniter\Database\BaseBuilder->get()
#5 C:\xampp\htdocs\ci4app\system\Validation\Validation.php(305): CodeIgniter\Validation\Rules->is_unique('asd', 'key-visual', Array, NULL)
#6 C:\xampp\htdocs\ci4app\system\Validation\Validation.php(164): CodeIgniter\Validation\Validation->processRules('key-visual', 'key-visual', 'asd', Array, Array)
#7 C:\xampp\htdocs\ci4app\system\Controller.php(181): CodeIgniter\Validation\Validation->run()
#8 C:\xampp\htdocs\ci4app\app\Controllers\Anime.php(59): CodeIgniter\Controller->validate(Array)
#9 C:\xampp\htdocs\ci4app\system\CodeIgniter.php(931): App\Controllers\Anime->saves()
#10 C:\xampp\htdocs\ci4app\system\CodeIgniter.php(427): CodeIgniter\CodeIgniter->runController(Object(App\Controllers\Anime))
#11 C:\xampp\htdocs\ci4app\system\CodeIgniter.php(333): CodeIgniter\CodeIgniter->handleRequest(NULL, Object(Config\Cache), false)
#12 C:\xampp\htdocs\ci4app\public\index.php(44): CodeIgniter\CodeIgniter->run()
#13 C:\xampp\htdocs\ci4app\system\Commands\Server\rewrite.php(45): require_once('C:\\xampp\\htdocs...')
#14 {main}
CRITICAL - 2020-12-31 21:21:23 --> Unknown column 'key-visual' in 'where clause'
#0 C:\xampp\htdocs\ci4app\system\Database\MySQLi\Connection.php(314): mysqli->query('SELECT 1\nFROM `...')
#1 C:\xampp\htdocs\ci4app\system\Database\BaseConnection.php(697): CodeIgniter\Database\MySQLi\Connection->execute('SELECT 1\nFROM `...')
#2 C:\xampp\htdocs\ci4app\system\Database\BaseConnection.php(625): CodeIgniter\Database\BaseConnection->simpleQuery('SELECT 1\nFROM `...')
#3 C:\xampp\htdocs\ci4app\system\Database\BaseBuilder.php(1866): CodeIgniter\Database\BaseConnection->query('SELECT 1\nFROM `...', Array, false)
#4 C:\xampp\htdocs\ci4app\system\Validation\Rules.php(212): CodeIgniter\Database\BaseBuilder->get()
#5 C:\xampp\htdocs\ci4app\system\Validation\Validation.php(305): CodeIgniter\Validation\Rules->is_unique('asd', 'key-visual', Array, NULL)
#6 C:\xampp\htdocs\ci4app\system\Validation\Validation.php(164): CodeIgniter\Validation\Validation->processRules('key-visual', 'key-visual', 'asd', Array, Array)
#7 C:\xampp\htdocs\ci4app\system\Controller.php(181): CodeIgniter\Validation\Validation->run()
#8 C:\xampp\htdocs\ci4app\app\Controllers\Anime.php(59): CodeIgniter\Controller->validate(Array)
#9 C:\xampp\htdocs\ci4app\system\CodeIgniter.php(931): App\Controllers\Anime->saves()
#10 C:\xampp\htdocs\ci4app\system\CodeIgniter.php(427): CodeIgniter\CodeIgniter->runController(Object(App\Controllers\Anime))
#11 C:\xampp\htdocs\ci4app\system\CodeIgniter.php(333): CodeIgniter\CodeIgniter->handleRequest(NULL, Object(Config\Cache), false)
#12 C:\xampp\htdocs\ci4app\public\index.php(44): CodeIgniter\CodeIgniter->run()
#13 C:\xampp\htdocs\ci4app\system\Commands\Server\rewrite.php(45): require_once('C:\\xampp\\htdocs...')
#14 {main}
ERROR - 2020-12-31 21:21:44 --> mysqli_sql_exception: Unknown column 'key-visual' in 'where clause' in C:\xampp\htdocs\ci4app\system\Database\MySQLi\Connection.php:314
Stack trace:
#0 C:\xampp\htdocs\ci4app\system\Database\MySQLi\Connection.php(314): mysqli->query('SELECT 1\nFROM `...')
#1 C:\xampp\htdocs\ci4app\system\Database\BaseConnection.php(697): CodeIgniter\Database\MySQLi\Connection->execute('SELECT 1\nFROM `...')
#2 C:\xampp\htdocs\ci4app\system\Database\BaseConnection.php(625): CodeIgniter\Database\BaseConnection->simpleQuery('SELECT 1\nFROM `...')
#3 C:\xampp\htdocs\ci4app\system\Database\BaseBuilder.php(1866): CodeIgniter\Database\BaseConnection->query('SELECT 1\nFROM `...', Array, false)
#4 C:\xampp\htdocs\ci4app\system\Validation\Rules.php(212): CodeIgniter\Database\BaseBuilder->get()
#5 C:\xampp\htdocs\ci4app\system\Validation\Validation.php(305): CodeIgniter\Validation\Rules->is_unique('asd', 'key-visual', Array, NULL)
#6 C:\xampp\htdocs\ci4app\system\Validation\Validation.php(164): CodeIgniter\Validation\Validation->processRules('key-visual', 'key-visual', 'asd', Array, Array)
#7 C:\xampp\htdocs\ci4app\system\Controller.php(181): CodeIgniter\Validation\Validation->run()
#8 C:\xampp\htdocs\ci4app\app\Controllers\Anime.php(59): CodeIgniter\Controller->validate(Array)
#9 C:\xampp\htdocs\ci4app\system\CodeIgniter.php(931): App\Controllers\Anime->saves()
#10 C:\xampp\htdocs\ci4app\system\CodeIgniter.php(427): CodeIgniter\CodeIgniter->runController(Object(App\Controllers\Anime))
#11 C:\xampp\htdocs\ci4app\system\CodeIgniter.php(333): CodeIgniter\CodeIgniter->handleRequest(NULL, Object(Config\Cache), false)
#12 C:\xampp\htdocs\ci4app\public\index.php(44): CodeIgniter\CodeIgniter->run()
#13 C:\xampp\htdocs\ci4app\system\Commands\Server\rewrite.php(45): require_once('C:\\xampp\\htdocs...')
#14 {main}
CRITICAL - 2020-12-31 21:21:44 --> Unknown column 'key-visual' in 'where clause'
#0 C:\xampp\htdocs\ci4app\system\Database\MySQLi\Connection.php(314): mysqli->query('SELECT 1\nFROM `...')
#1 C:\xampp\htdocs\ci4app\system\Database\BaseConnection.php(697): CodeIgniter\Database\MySQLi\Connection->execute('SELECT 1\nFROM `...')
#2 C:\xampp\htdocs\ci4app\system\Database\BaseConnection.php(625): CodeIgniter\Database\BaseConnection->simpleQuery('SELECT 1\nFROM `...')
#3 C:\xampp\htdocs\ci4app\system\Database\BaseBuilder.php(1866): CodeIgniter\Database\BaseConnection->query('SELECT 1\nFROM `...', Array, false)
#4 C:\xampp\htdocs\ci4app\system\Validation\Rules.php(212): CodeIgniter\Database\BaseBuilder->get()
#5 C:\xampp\htdocs\ci4app\system\Validation\Validation.php(305): CodeIgniter\Validation\Rules->is_unique('asd', 'key-visual', Array, NULL)
#6 C:\xampp\htdocs\ci4app\system\Validation\Validation.php(164): CodeIgniter\Validation\Validation->processRules('key-visual', 'key-visual', 'asd', Array, Array)
#7 C:\xampp\htdocs\ci4app\system\Controller.php(181): CodeIgniter\Validation\Validation->run()
#8 C:\xampp\htdocs\ci4app\app\Controllers\Anime.php(59): CodeIgniter\Controller->validate(Array)
#9 C:\xampp\htdocs\ci4app\system\CodeIgniter.php(931): App\Controllers\Anime->saves()
#10 C:\xampp\htdocs\ci4app\system\CodeIgniter.php(427): CodeIgniter\CodeIgniter->runController(Object(App\Controllers\Anime))
#11 C:\xampp\htdocs\ci4app\system\CodeIgniter.php(333): CodeIgniter\CodeIgniter->handleRequest(NULL, Object(Config\Cache), false)
#12 C:\xampp\htdocs\ci4app\public\index.php(44): CodeIgniter\CodeIgniter->run()
#13 C:\xampp\htdocs\ci4app\system\Commands\Server\rewrite.php(45): require_once('C:\\xampp\\htdocs...')
#14 {main}
ERROR - 2020-12-31 21:23:17 --> mysqli_sql_exception: Unknown column 'key-visual' in 'where clause' in C:\xampp\htdocs\ci4app\system\Database\MySQLi\Connection.php:314
Stack trace:
#0 C:\xampp\htdocs\ci4app\system\Database\MySQLi\Connection.php(314): mysqli->query('SELECT 1\nFROM `...')
#1 C:\xampp\htdocs\ci4app\system\Database\BaseConnection.php(697): CodeIgniter\Database\MySQLi\Connection->execute('SELECT 1\nFROM `...')
#2 C:\xampp\htdocs\ci4app\system\Database\BaseConnection.php(625): CodeIgniter\Database\BaseConnection->simpleQuery('SELECT 1\nFROM `...')
#3 C:\xampp\htdocs\ci4app\system\Database\BaseBuilder.php(1866): CodeIgniter\Database\BaseConnection->query('SELECT 1\nFROM `...', Array, false)
#4 C:\xampp\htdocs\ci4app\system\Validation\Rules.php(212): CodeIgniter\Database\BaseBuilder->get()
#5 C:\xampp\htdocs\ci4app\system\Validation\Validation.php(305): CodeIgniter\Validation\Rules->is_unique('asd', 'key-visual', Array, NULL)
#6 C:\xampp\htdocs\ci4app\system\Validation\Validation.php(164): CodeIgniter\Validation\Validation->processRules('key-visual', 'key-visual', 'asd', Array, Array)
#7 C:\xampp\htdocs\ci4app\system\Controller.php(181): CodeIgniter\Validation\Validation->run()
#8 C:\xampp\htdocs\ci4app\app\Controllers\Anime.php(59): CodeIgniter\Controller->validate(Array)
#9 C:\xampp\htdocs\ci4app\system\CodeIgniter.php(931): App\Controllers\Anime->saves()
#10 C:\xampp\htdocs\ci4app\system\CodeIgniter.php(427): CodeIgniter\CodeIgniter->runController(Object(App\Controllers\Anime))
#11 C:\xampp\htdocs\ci4app\system\CodeIgniter.php(333): CodeIgniter\CodeIgniter->handleRequest(NULL, Object(Config\Cache), false)
#12 C:\xampp\htdocs\ci4app\public\index.php(44): CodeIgniter\CodeIgniter->run()
#13 C:\xampp\htdocs\ci4app\system\Commands\Server\rewrite.php(45): require_once('C:\\xampp\\htdocs...')
#14 {main}
CRITICAL - 2020-12-31 21:23:17 --> Unknown column 'key-visual' in 'where clause'
#0 C:\xampp\htdocs\ci4app\system\Database\MySQLi\Connection.php(314): mysqli->query('SELECT 1\nFROM `...')
#1 C:\xampp\htdocs\ci4app\system\Database\BaseConnection.php(697): CodeIgniter\Database\MySQLi\Connection->execute('SELECT 1\nFROM `...')
#2 C:\xampp\htdocs\ci4app\system\Database\BaseConnection.php(625): CodeIgniter\Database\BaseConnection->simpleQuery('SELECT 1\nFROM `...')
#3 C:\xampp\htdocs\ci4app\system\Database\BaseBuilder.php(1866): CodeIgniter\Database\BaseConnection->query('SELECT 1\nFROM `...', Array, false)
#4 C:\xampp\htdocs\ci4app\system\Validation\Rules.php(212): CodeIgniter\Database\BaseBuilder->get()
#5 C:\xampp\htdocs\ci4app\system\Validation\Validation.php(305): CodeIgniter\Validation\Rules->is_unique('asd', 'key-visual', Array, NULL)
#6 C:\xampp\htdocs\ci4app\system\Validation\Validation.php(164): CodeIgniter\Validation\Validation->processRules('key-visual', 'key-visual', 'asd', Array, Array)
#7 C:\xampp\htdocs\ci4app\system\Controller.php(181): CodeIgniter\Validation\Validation->run()
#8 C:\xampp\htdocs\ci4app\app\Controllers\Anime.php(59): CodeIgniter\Controller->validate(Array)
#9 C:\xampp\htdocs\ci4app\system\CodeIgniter.php(931): App\Controllers\Anime->saves()
#10 C:\xampp\htdocs\ci4app\system\CodeIgniter.php(427): CodeIgniter\CodeIgniter->runController(Object(App\Controllers\Anime))
#11 C:\xampp\htdocs\ci4app\system\CodeIgniter.php(333): CodeIgniter\CodeIgniter->handleRequest(NULL, Object(Config\Cache), false)
#12 C:\xampp\htdocs\ci4app\public\index.php(44): CodeIgniter\CodeIgniter->run()
#13 C:\xampp\htdocs\ci4app\system\Commands\Server\rewrite.php(45): require_once('C:\\xampp\\htdocs...')
#14 {main}
ERROR - 2020-12-31 21:24:16 --> mysqli_sql_exception: Unknown column 'key-visual' in 'where clause' in C:\xampp\htdocs\ci4app\system\Database\MySQLi\Connection.php:314
Stack trace:
#0 C:\xampp\htdocs\ci4app\system\Database\MySQLi\Connection.php(314): mysqli->query('SELECT 1\nFROM `...')
#1 C:\xampp\htdocs\ci4app\system\Database\BaseConnection.php(697): CodeIgniter\Database\MySQLi\Connection->execute('SELECT 1\nFROM `...')
#2 C:\xampp\htdocs\ci4app\system\Database\BaseConnection.php(625): CodeIgniter\Database\BaseConnection->simpleQuery('SELECT 1\nFROM `...')
#3 C:\xampp\htdocs\ci4app\system\Database\BaseBuilder.php(1866): CodeIgniter\Database\BaseConnection->query('SELECT 1\nFROM `...', Array, false)
#4 C:\xampp\htdocs\ci4app\system\Validation\Rules.php(212): CodeIgniter\Database\BaseBuilder->get()
#5 C:\xampp\htdocs\ci4app\system\Validation\Validation.php(305): CodeIgniter\Validation\Rules->is_unique('sad', 'key-visual', Array, NULL)
#6 C:\xampp\htdocs\ci4app\system\Validation\Validation.php(164): CodeIgniter\Validation\Validation->processRules('key-visual', 'key-visual', 'sad', Array, Array)
#7 C:\xampp\htdocs\ci4app\system\Controller.php(181): CodeIgniter\Validation\Validation->run()
#8 C:\xampp\htdocs\ci4app\app\Controllers\Anime.php(59): CodeIgniter\Controller->validate(Array)
#9 C:\xampp\htdocs\ci4app\system\CodeIgniter.php(931): App\Controllers\Anime->saves()
#10 C:\xampp\htdocs\ci4app\system\CodeIgniter.php(427): CodeIgniter\CodeIgniter->runController(Object(App\Controllers\Anime))
#11 C:\xampp\htdocs\ci4app\system\CodeIgniter.php(333): CodeIgniter\CodeIgniter->handleRequest(NULL, Object(Config\Cache), false)
#12 C:\xampp\htdocs\ci4app\public\index.php(44): CodeIgniter\CodeIgniter->run()
#13 C:\xampp\htdocs\ci4app\system\Commands\Server\rewrite.php(45): require_once('C:\\xampp\\htdocs...')
#14 {main}
CRITICAL - 2020-12-31 21:24:16 --> Unknown column 'key-visual' in 'where clause'
#0 C:\xampp\htdocs\ci4app\system\Database\MySQLi\Connection.php(314): mysqli->query('SELECT 1\nFROM `...')
#1 C:\xampp\htdocs\ci4app\system\Database\BaseConnection.php(697): CodeIgniter\Database\MySQLi\Connection->execute('SELECT 1\nFROM `...')
#2 C:\xampp\htdocs\ci4app\system\Database\BaseConnection.php(625): CodeIgniter\Database\BaseConnection->simpleQuery('SELECT 1\nFROM `...')
#3 C:\xampp\htdocs\ci4app\system\Database\BaseBuilder.php(1866): CodeIgniter\Database\BaseConnection->query('SELECT 1\nFROM `...', Array, false)
#4 C:\xampp\htdocs\ci4app\system\Validation\Rules.php(212): CodeIgniter\Database\BaseBuilder->get()
#5 C:\xampp\htdocs\ci4app\system\Validation\Validation.php(305): CodeIgniter\Validation\Rules->is_unique('sad', 'key-visual', Array, NULL)
#6 C:\xampp\htdocs\ci4app\system\Validation\Validation.php(164): CodeIgniter\Validation\Validation->processRules('key-visual', 'key-visual', 'sad', Array, Array)
#7 C:\xampp\htdocs\ci4app\system\Controller.php(181): CodeIgniter\Validation\Validation->run()
#8 C:\xampp\htdocs\ci4app\app\Controllers\Anime.php(59): CodeIgniter\Controller->validate(Array)
#9 C:\xampp\htdocs\ci4app\system\CodeIgniter.php(931): App\Controllers\Anime->saves()
#10 C:\xampp\htdocs\ci4app\system\CodeIgniter.php(427): CodeIgniter\CodeIgniter->runController(Object(App\Controllers\Anime))
#11 C:\xampp\htdocs\ci4app\system\CodeIgniter.php(333): CodeIgniter\CodeIgniter->handleRequest(NULL, Object(Config\Cache), false)
#12 C:\xampp\htdocs\ci4app\public\index.php(44): CodeIgniter\CodeIgniter->run()
#13 C:\xampp\htdocs\ci4app\system\Commands\Server\rewrite.php(45): require_once('C:\\xampp\\htdocs...')
#14 {main}
ERROR - 2020-12-31 21:24:50 --> mysqli_sql_exception: Unknown column 'key-visual' in 'where clause' in C:\xampp\htdocs\ci4app\system\Database\MySQLi\Connection.php:314
Stack trace:
#0 C:\xampp\htdocs\ci4app\system\Database\MySQLi\Connection.php(314): mysqli->query('SELECT 1\nFROM `...')
#1 C:\xampp\htdocs\ci4app\system\Database\BaseConnection.php(697): CodeIgniter\Database\MySQLi\Connection->execute('SELECT 1\nFROM `...')
#2 C:\xampp\htdocs\ci4app\system\Database\BaseConnection.php(625): CodeIgniter\Database\BaseConnection->simpleQuery('SELECT 1\nFROM `...')
#3 C:\xampp\htdocs\ci4app\system\Database\BaseBuilder.php(1866): CodeIgniter\Database\BaseConnection->query('SELECT 1\nFROM `...', Array, false)
#4 C:\xampp\htdocs\ci4app\system\Validation\Rules.php(212): CodeIgniter\Database\BaseBuilder->get()
#5 C:\xampp\htdocs\ci4app\system\Validation\Validation.php(305): CodeIgniter\Validation\Rules->is_unique('qwe', 'key-visual', Array, NULL)
#6 C:\xampp\htdocs\ci4app\system\Validation\Validation.php(164): CodeIgniter\Validation\Validation->processRules('key-visual', 'key-visual', 'qwe', Array, Array)
#7 C:\xampp\htdocs\ci4app\system\Controller.php(181): CodeIgniter\Validation\Validation->run()
#8 C:\xampp\htdocs\ci4app\app\Controllers\Anime.php(59): CodeIgniter\Controller->validate(Array)
#9 C:\xampp\htdocs\ci4app\system\CodeIgniter.php(931): App\Controllers\Anime->saves()
#10 C:\xampp\htdocs\ci4app\system\CodeIgniter.php(427): CodeIgniter\CodeIgniter->runController(Object(App\Controllers\Anime))
#11 C:\xampp\htdocs\ci4app\system\CodeIgniter.php(333): CodeIgniter\CodeIgniter->handleRequest(NULL, Object(Config\Cache), false)
#12 C:\xampp\htdocs\ci4app\public\index.php(44): CodeIgniter\CodeIgniter->run()
#13 C:\xampp\htdocs\ci4app\system\Commands\Server\rewrite.php(45): require_once('C:\\xampp\\htdocs...')
#14 {main}
CRITICAL - 2020-12-31 21:24:50 --> Unknown column 'key-visual' in 'where clause'
#0 C:\xampp\htdocs\ci4app\system\Database\MySQLi\Connection.php(314): mysqli->query('SELECT 1\nFROM `...')
#1 C:\xampp\htdocs\ci4app\system\Database\BaseConnection.php(697): CodeIgniter\Database\MySQLi\Connection->execute('SELECT 1\nFROM `...')
#2 C:\xampp\htdocs\ci4app\system\Database\BaseConnection.php(625): CodeIgniter\Database\BaseConnection->simpleQuery('SELECT 1\nFROM `...')
#3 C:\xampp\htdocs\ci4app\system\Database\BaseBuilder.php(1866): CodeIgniter\Database\BaseConnection->query('SELECT 1\nFROM `...', Array, false)
#4 C:\xampp\htdocs\ci4app\system\Validation\Rules.php(212): CodeIgniter\Database\BaseBuilder->get()
#5 C:\xampp\htdocs\ci4app\system\Validation\Validation.php(305): CodeIgniter\Validation\Rules->is_unique('qwe', 'key-visual', Array, NULL)
#6 C:\xampp\htdocs\ci4app\system\Validation\Validation.php(164): CodeIgniter\Validation\Validation->processRules('key-visual', 'key-visual', 'qwe', Array, Array)
#7 C:\xampp\htdocs\ci4app\system\Controller.php(181): CodeIgniter\Validation\Validation->run()
#8 C:\xampp\htdocs\ci4app\app\Controllers\Anime.php(59): CodeIgniter\Controller->validate(Array)
#9 C:\xampp\htdocs\ci4app\system\CodeIgniter.php(931): App\Controllers\Anime->saves()
#10 C:\xampp\htdocs\ci4app\system\CodeIgniter.php(427): CodeIgniter\CodeIgniter->runController(Object(App\Controllers\Anime))
#11 C:\xampp\htdocs\ci4app\system\CodeIgniter.php(333): CodeIgniter\CodeIgniter->handleRequest(NULL, Object(Config\Cache), false)
#12 C:\xampp\htdocs\ci4app\public\index.php(44): CodeIgniter\CodeIgniter->run()
#13 C:\xampp\htdocs\ci4app\system\Commands\Server\rewrite.php(45): require_once('C:\\xampp\\htdocs...')
#14 {main}
ERROR - 2020-12-31 21:39:14 --> mysqli_sql_exception: Unknown column 'key-visual' in 'where clause' in C:\xampp\htdocs\ci4app\system\Database\MySQLi\Connection.php:314
Stack trace:
#0 C:\xampp\htdocs\ci4app\system\Database\MySQLi\Connection.php(314): mysqli->query('SELECT 1\nFROM `...')
#1 C:\xampp\htdocs\ci4app\system\Database\BaseConnection.php(697): CodeIgniter\Database\MySQLi\Connection->execute('SELECT 1\nFROM `...')
#2 C:\xampp\htdocs\ci4app\system\Database\BaseConnection.php(625): CodeIgniter\Database\BaseConnection->simpleQuery('SELECT 1\nFROM `...')
#3 C:\xampp\htdocs\ci4app\system\Database\BaseBuilder.php(1866): CodeIgniter\Database\BaseConnection->query('SELECT 1\nFROM `...', Array, false)
#4 C:\xampp\htdocs\ci4app\system\Validation\Rules.php(212): CodeIgniter\Database\BaseBuilder->get()
#5 C:\xampp\htdocs\ci4app\system\Validation\Validation.php(305): CodeIgniter\Validation\Rules->is_unique('sad', 'key-visual', Array, NULL)
#6 C:\xampp\htdocs\ci4app\system\Validation\Validation.php(164): CodeIgniter\Validation\Validation->processRules('key_visual', 'key_visual', 'sad', Array, Array)
#7 C:\xampp\htdocs\ci4app\system\Controller.php(181): CodeIgniter\Validation\Validation->run()
#8 C:\xampp\htdocs\ci4app\app\Controllers\Anime.php(59): CodeIgniter\Controller->validate(Array)
#9 C:\xampp\htdocs\ci4app\system\CodeIgniter.php(931): App\Controllers\Anime->saves()
#10 C:\xampp\htdocs\ci4app\system\CodeIgniter.php(427): CodeIgniter\CodeIgniter->runController(Object(App\Controllers\Anime))
#11 C:\xampp\htdocs\ci4app\system\CodeIgniter.php(333): CodeIgniter\CodeIgniter->handleRequest(NULL, Object(Config\Cache), false)
#12 C:\xampp\htdocs\ci4app\public\index.php(44): CodeIgniter\CodeIgniter->run()
#13 C:\xampp\htdocs\ci4app\system\Commands\Server\rewrite.php(45): require_once('C:\\xampp\\htdocs...')
#14 {main}
CRITICAL - 2020-12-31 21:39:14 --> Unknown column 'key-visual' in 'where clause'
#0 C:\xampp\htdocs\ci4app\system\Database\MySQLi\Connection.php(314): mysqli->query('SELECT 1\nFROM `...')
#1 C:\xampp\htdocs\ci4app\system\Database\BaseConnection.php(697): CodeIgniter\Database\MySQLi\Connection->execute('SELECT 1\nFROM `...')
#2 C:\xampp\htdocs\ci4app\system\Database\BaseConnection.php(625): CodeIgniter\Database\BaseConnection->simpleQuery('SELECT 1\nFROM `...')
#3 C:\xampp\htdocs\ci4app\system\Database\BaseBuilder.php(1866): CodeIgniter\Database\BaseConnection->query('SELECT 1\nFROM `...', Array, false)
#4 C:\xampp\htdocs\ci4app\system\Validation\Rules.php(212): CodeIgniter\Database\BaseBuilder->get()
#5 C:\xampp\htdocs\ci4app\system\Validation\Validation.php(305): CodeIgniter\Validation\Rules->is_unique('sad', 'key-visual', Array, NULL)
#6 C:\xampp\htdocs\ci4app\system\Validation\Validation.php(164): CodeIgniter\Validation\Validation->processRules('key_visual', 'key_visual', 'sad', Array, Array)
#7 C:\xampp\htdocs\ci4app\system\Controller.php(181): CodeIgniter\Validation\Validation->run()
#8 C:\xampp\htdocs\ci4app\app\Controllers\Anime.php(59): CodeIgniter\Controller->validate(Array)
#9 C:\xampp\htdocs\ci4app\system\CodeIgniter.php(931): App\Controllers\Anime->saves()
#10 C:\xampp\htdocs\ci4app\system\CodeIgniter.php(427): CodeIgniter\CodeIgniter->runController(Object(App\Controllers\Anime))
#11 C:\xampp\htdocs\ci4app\system\CodeIgniter.php(333): CodeIgniter\CodeIgniter->handleRequest(NULL, Object(Config\Cache), false)
#12 C:\xampp\htdocs\ci4app\public\index.php(44): CodeIgniter\CodeIgniter->run()
#13 C:\xampp\htdocs\ci4app\system\Commands\Server\rewrite.php(45): require_once('C:\\xampp\\htdocs...')
#14 {main}
CRITICAL - 2020-12-31 22:03:30 --> syntax error, unexpected '1' (T_LNUMBER), expecting variable (T_VARIABLE) or '{' or '$'
#0 C:\xampp\htdocs\ci4app\system\CodeIgniter.php(385): CodeIgniter\CodeIgniter->tryToRouteIt(NULL)
#1 C:\xampp\htdocs\ci4app\system\CodeIgniter.php(333): CodeIgniter\CodeIgniter->handleRequest(NULL, Object(Config\Cache), false)
#2 C:\xampp\htdocs\ci4app\public\index.php(44): CodeIgniter\CodeIgniter->run()
#3 C:\xampp\htdocs\ci4app\system\Commands\Server\rewrite.php(45): require_once('C:\\xampp\\htdocs...')
#4 {main}
CRITICAL - 2020-12-31 22:03:48 --> Undefined variable: validation
#0 C:\xampp\htdocs\ci4app\app\Views\anime\edit.php(14): CodeIgniter\Debug\Exceptions->errorHandler(8, 'Undefined varia...', 'C:\\xampp\\htdocs...', 14, Array)
#1 C:\xampp\htdocs\ci4app\system\View\View.php(219): include('C:\\xampp\\htdocs...')
#2 C:\xampp\htdocs\ci4app\system\Common.php(1213): CodeIgniter\View\View->render('anime/edit', Array, true)
#3 C:\xampp\htdocs\ci4app\app\Controllers\Anime.php(125): view('anime/edit')
#4 C:\xampp\htdocs\ci4app\system\CodeIgniter.php(931): App\Controllers\Anime->edit('shingeki-no-kyo...')
#5 C:\xampp\htdocs\ci4app\system\CodeIgniter.php(427): CodeIgniter\CodeIgniter->runController(Object(App\Controllers\Anime))
#6 C:\xampp\htdocs\ci4app\system\CodeIgniter.php(333): CodeIgniter\CodeIgniter->handleRequest(NULL, Object(Config\Cache), false)
#7 C:\xampp\htdocs\ci4app\public\index.php(44): CodeIgniter\CodeIgniter->run()
#8 C:\xampp\htdocs\ci4app\system\Commands\Server\rewrite.php(45): require_once('C:\\xampp\\htdocs...')
#9 {main}
CRITICAL - 2020-12-31 22:05:40 --> Undefined variable: validation
#0 C:\xampp\htdocs\ci4app\app\Views\anime\edit.php(14): CodeIgniter\Debug\Exceptions->errorHandler(8, 'Undefined varia...', 'C:\\xampp\\htdocs...', 14, Array)
#1 C:\xampp\htdocs\ci4app\system\View\View.php(219): include('C:\\xampp\\htdocs...')
#2 C:\xampp\htdocs\ci4app\system\Common.php(1213): CodeIgniter\View\View->render('anime/edit', Array, true)
#3 C:\xampp\htdocs\ci4app\app\Controllers\Anime.php(125): view('anime/edit')
#4 C:\xampp\htdocs\ci4app\system\CodeIgniter.php(931): App\Controllers\Anime->edit('shingeki-no-kyo...')
#5 C:\xampp\htdocs\ci4app\system\CodeIgniter.php(427): CodeIgniter\CodeIgniter->runController(Object(App\Controllers\Anime))
#6 C:\xampp\htdocs\ci4app\system\CodeIgniter.php(333): CodeIgniter\CodeIgniter->handleRequest(NULL, Object(Config\Cache), false)
#7 C:\xampp\htdocs\ci4app\public\index.php(44): CodeIgniter\CodeIgniter->run()
#8 C:\xampp\htdocs\ci4app\system\Commands\Server\rewrite.php(45): require_once('C:\\xampp\\htdocs...')
#9 {main}
CRITICAL - 2020-12-31 22:05:41 --> Undefined variable: validation
#0 C:\xampp\htdocs\ci4app\app\Views\anime\edit.php(14): CodeIgniter\Debug\Exceptions->errorHandler(8, 'Undefined varia...', 'C:\\xampp\\htdocs...', 14, Array)
#1 C:\xampp\htdocs\ci4app\system\View\View.php(219): include('C:\\xampp\\htdocs...')
#2 C:\xampp\htdocs\ci4app\system\Common.php(1213): CodeIgniter\View\View->render('anime/edit', Array, true)
#3 C:\xampp\htdocs\ci4app\app\Controllers\Anime.php(125): view('anime/edit')
#4 C:\xampp\htdocs\ci4app\system\CodeIgniter.php(931): App\Controllers\Anime->edit('shingeki-no-kyo...')
#5 C:\xampp\htdocs\ci4app\system\CodeIgniter.php(427): CodeIgniter\CodeIgniter->runController(Object(App\Controllers\Anime))
#6 C:\xampp\htdocs\ci4app\system\CodeIgniter.php(333): CodeIgniter\CodeIgniter->handleRequest(NULL, Object(Config\Cache), false)
#7 C:\xampp\htdocs\ci4app\public\index.php(44): CodeIgniter\CodeIgniter->run()
#8 C:\xampp\htdocs\ci4app\system\Commands\Server\rewrite.php(45): require_once('C:\\xampp\\htdocs...')
#9 {main}
CRITICAL - 2020-12-31 22:05:42 --> Undefined variable: validation
#0 C:\xampp\htdocs\ci4app\app\Views\anime\edit.php(14): CodeIgniter\Debug\Exceptions->errorHandler(8, 'Undefined varia...', 'C:\\xampp\\htdocs...', 14, Array)
#1 C:\xampp\htdocs\ci4app\system\View\View.php(219): include('C:\\xampp\\htdocs...')
#2 C:\xampp\htdocs\ci4app\system\Common.php(1213): CodeIgniter\View\View->render('anime/edit', Array, true)
#3 C:\xampp\htdocs\ci4app\app\Controllers\Anime.php(125): view('anime/edit')
#4 C:\xampp\htdocs\ci4app\system\CodeIgniter.php(931): App\Controllers\Anime->edit('shingeki-no-kyo...')
#5 C:\xampp\htdocs\ci4app\system\CodeIgniter.php(427): CodeIgniter\CodeIgniter->runController(Object(App\Controllers\Anime))
#6 C:\xampp\htdocs\ci4app\system\CodeIgniter.php(333): CodeIgniter\CodeIgniter->handleRequest(NULL, Object(Config\Cache), false)
#7 C:\xampp\htdocs\ci4app\public\index.php(44): CodeIgniter\CodeIgniter->run()
#8 C:\xampp\htdocs\ci4app\system\Commands\Server\rewrite.php(45): require_once('C:\\xampp\\htdocs...')
#9 {main}
CRITICAL - 2020-12-31 22:05:42 --> Undefined variable: validation
#0 C:\xampp\htdocs\ci4app\app\Views\anime\edit.php(14): CodeIgniter\Debug\Exceptions->errorHandler(8, 'Undefined varia...', 'C:\\xampp\\htdocs...', 14, Array)
#1 C:\xampp\htdocs\ci4app\system\View\View.php(219): include('C:\\xampp\\htdocs...')
#2 C:\xampp\htdocs\ci4app\system\Common.php(1213): CodeIgniter\View\View->render('anime/edit', Array, true)
#3 C:\xampp\htdocs\ci4app\app\Controllers\Anime.php(125): view('anime/edit')
#4 C:\xampp\htdocs\ci4app\system\CodeIgniter.php(931): App\Controllers\Anime->edit('shingeki-no-kyo...')
#5 C:\xampp\htdocs\ci4app\system\CodeIgniter.php(427): CodeIgniter\CodeIgniter->runController(Object(App\Controllers\Anime))
#6 C:\xampp\htdocs\ci4app\system\CodeIgniter.php(333): CodeIgniter\CodeIgniter->handleRequest(NULL, Object(Config\Cache), false)
#7 C:\xampp\htdocs\ci4app\public\index.php(44): CodeIgniter\CodeIgniter->run()
#8 C:\xampp\htdocs\ci4app\system\Commands\Server\rewrite.php(45): require_once('C:\\xampp\\htdocs...')
#9 {main}
