CRITICAL - 2020-12-29 22:10:45 --> Invalid file: home.php
#0 C:\xampp\htdocs\ci4app\system\View\View.php(203): CodeIgniter\Exceptions\FrameworkException::forInvalidFile('home.php')
#1 C:\xampp\htdocs\ci4app\system\Common.php(1213): CodeIgniter\View\View->render('home', Array, true)
#2 C:\xampp\htdocs\ci4app\app\Controllers\Pages.php(9): view('home')
#3 C:\xampp\htdocs\ci4app\system\CodeIgniter.php(931): App\Controllers\Pages->index()
#4 C:\xampp\htdocs\ci4app\system\CodeIgniter.php(427): CodeIgniter\CodeIgniter->runController(Object(App\Controllers\Pages))
#5 C:\xampp\htdocs\ci4app\system\CodeIgniter.php(333): CodeIgniter\CodeIgniter->handleRequest(NULL, Object(Config\Cache), false)
#6 C:\xampp\htdocs\ci4app\public\index.php(44): CodeIgniter\CodeIgniter->run()
#7 C:\xampp\htdocs\ci4app\system\Commands\Server\rewrite.php(45): require_once('C:\\xampp\\htdocs...')
#8 {main}
CRITICAL - 2020-12-29 22:11:41 --> Invalid file: home.php
#0 C:\xampp\htdocs\ci4app\system\View\View.php(203): CodeIgniter\Exceptions\FrameworkException::forInvalidFile('home.php')
#1 C:\xampp\htdocs\ci4app\system\Common.php(1213): CodeIgniter\View\View->render('home', Array, true)
#2 C:\xampp\htdocs\ci4app\app\Controllers\Pages.php(9): view('home')
#3 C:\xampp\htdocs\ci4app\system\CodeIgniter.php(931): App\Controllers\Pages->index()
#4 C:\xampp\htdocs\ci4app\system\CodeIgniter.php(427): CodeIgniter\CodeIgniter->runController(Object(App\Controllers\Pages))
#5 C:\xampp\htdocs\ci4app\system\CodeIgniter.php(333): CodeIgniter\CodeIgniter->handleRequest(NULL, Object(Config\Cache), false)
#6 C:\xampp\htdocs\ci4app\public\index.php(44): CodeIgniter\CodeIgniter->run()
#7 C:\xampp\htdocs\ci4app\system\Commands\Server\rewrite.php(45): require_once('C:\\xampp\\htdocs...')
#8 {main}
CRITICAL - 2020-12-29 22:11:46 --> Invalid file: home.php
#0 C:\xampp\htdocs\ci4app\system\View\View.php(203): CodeIgniter\Exceptions\FrameworkException::forInvalidFile('home.php')
#1 C:\xampp\htdocs\ci4app\system\Common.php(1213): CodeIgniter\View\View->render('home', Array, true)
#2 C:\xampp\htdocs\ci4app\app\Controllers\Pages.php(9): view('home')
#3 C:\xampp\htdocs\ci4app\system\CodeIgniter.php(931): App\Controllers\Pages->index()
#4 C:\xampp\htdocs\ci4app\system\CodeIgniter.php(427): CodeIgniter\CodeIgniter->runController(Object(App\Controllers\Pages))
#5 C:\xampp\htdocs\ci4app\system\CodeIgniter.php(333): CodeIgniter\CodeIgniter->handleRequest(NULL, Object(Config\Cache), false)
#6 C:\xampp\htdocs\ci4app\public\index.php(44): CodeIgniter\CodeIgniter->run()
#7 C:\xampp\htdocs\ci4app\system\Commands\Server\rewrite.php(45): require_once('C:\\xampp\\htdocs...')
#8 {main}
CRITICAL - 2020-12-29 22:11:55 --> Invalid file: home.php
#0 C:\xampp\htdocs\ci4app\system\View\View.php(203): CodeIgniter\Exceptions\FrameworkException::forInvalidFile('home.php')
#1 C:\xampp\htdocs\ci4app\system\Common.php(1213): CodeIgniter\View\View->render('home', Array, true)
#2 C:\xampp\htdocs\ci4app\app\Controllers\Pages.php(9): view('home')
#3 C:\xampp\htdocs\ci4app\system\CodeIgniter.php(931): App\Controllers\Pages->index()
#4 C:\xampp\htdocs\ci4app\system\CodeIgniter.php(427): CodeIgniter\CodeIgniter->runController(Object(App\Controllers\Pages))
#5 C:\xampp\htdocs\ci4app\system\CodeIgniter.php(333): CodeIgniter\CodeIgniter->handleRequest(NULL, Object(Config\Cache), false)
#6 C:\xampp\htdocs\ci4app\public\index.php(44): CodeIgniter\CodeIgniter->run()
#7 C:\xampp\htdocs\ci4app\system\Commands\Server\rewrite.php(45): require_once('C:\\xampp\\htdocs...')
#8 {main}
CRITICAL - 2020-12-29 22:11:58 --> Invalid file: home.php
#0 C:\xampp\htdocs\ci4app\system\View\View.php(203): CodeIgniter\Exceptions\FrameworkException::forInvalidFile('home.php')
#1 C:\xampp\htdocs\ci4app\system\Common.php(1213): CodeIgniter\View\View->render('home', Array, true)
#2 C:\xampp\htdocs\ci4app\app\Controllers\Pages.php(9): view('home')
#3 C:\xampp\htdocs\ci4app\system\CodeIgniter.php(931): App\Controllers\Pages->index()
#4 C:\xampp\htdocs\ci4app\system\CodeIgniter.php(427): CodeIgniter\CodeIgniter->runController(Object(App\Controllers\Pages))
#5 C:\xampp\htdocs\ci4app\system\CodeIgniter.php(333): CodeIgniter\CodeIgniter->handleRequest(NULL, Object(Config\Cache), false)
#6 C:\xampp\htdocs\ci4app\public\index.php(44): CodeIgniter\CodeIgniter->run()
#7 C:\xampp\htdocs\ci4app\system\Commands\Server\rewrite.php(45): require_once('C:\\xampp\\htdocs...')
#8 {main}
CRITICAL - 2020-12-29 23:06:51 --> syntax error, unexpected '(', expecting ';'
#0 C:\xampp\htdocs\ci4app\system\Common.php(1213): CodeIgniter\View\View->render('pages/contact', Array, true)
#1 C:\xampp\htdocs\ci4app\app\Controllers\Pages.php(38): view('pages/contact', Array)
#2 C:\xampp\htdocs\ci4app\system\CodeIgniter.php(931): App\Controllers\Pages->contact()
#3 C:\xampp\htdocs\ci4app\system\CodeIgniter.php(427): CodeIgniter\CodeIgniter->runController(Object(App\Controllers\Pages))
#4 C:\xampp\htdocs\ci4app\system\CodeIgniter.php(333): CodeIgniter\CodeIgniter->handleRequest(NULL, Object(Config\Cache), false)
#5 C:\xampp\htdocs\ci4app\public\index.php(44): CodeIgniter\CodeIgniter->run()
#6 C:\xampp\htdocs\ci4app\system\Commands\Server\rewrite.php(45): require_once('C:\\xampp\\htdocs...')
#7 {main}
CRITICAL - 2020-12-29 23:07:14 --> Illegal string offset 'tipe'
#0 C:\xampp\htdocs\ci4app\app\Views\pages\contact.php(10): CodeIgniter\Debug\Exceptions->errorHandler(2, 'Illegal string ...', 'C:\\xampp\\htdocs...', 10, Array)
#1 C:\xampp\htdocs\ci4app\system\View\View.php(219): include('C:\\xampp\\htdocs...')
#2 C:\xampp\htdocs\ci4app\system\Common.php(1213): CodeIgniter\View\View->render('pages/contact', Array, true)
#3 C:\xampp\htdocs\ci4app\app\Controllers\Pages.php(38): view('pages/contact', Array)
#4 C:\xampp\htdocs\ci4app\system\CodeIgniter.php(931): App\Controllers\Pages->contact()
#5 C:\xampp\htdocs\ci4app\system\CodeIgniter.php(427): CodeIgniter\CodeIgniter->runController(Object(App\Controllers\Pages))
#6 C:\xampp\htdocs\ci4app\system\CodeIgniter.php(333): CodeIgniter\CodeIgniter->handleRequest(NULL, Object(Config\Cache), false)
#7 C:\xampp\htdocs\ci4app\public\index.php(44): CodeIgniter\CodeIgniter->run()
#8 C:\xampp\htdocs\ci4app\system\Commands\Server\rewrite.php(45): require_once('C:\\xampp\\htdocs...')
#9 {main}
CRITICAL - 2020-12-29 23:07:54 --> Illegal string offset 'tipe'
#0 C:\xampp\htdocs\ci4app\app\Views\pages\contact.php(10): CodeIgniter\Debug\Exceptions->errorHandler(2, 'Illegal string ...', 'C:\\xampp\\htdocs...', 10, Array)
#1 C:\xampp\htdocs\ci4app\system\View\View.php(219): include('C:\\xampp\\htdocs...')
#2 C:\xampp\htdocs\ci4app\system\Common.php(1213): CodeIgniter\View\View->render('pages/contact', Array, true)
#3 C:\xampp\htdocs\ci4app\app\Controllers\Pages.php(38): view('pages/contact', Array)
#4 C:\xampp\htdocs\ci4app\system\CodeIgniter.php(931): App\Controllers\Pages->contact()
#5 C:\xampp\htdocs\ci4app\system\CodeIgniter.php(427): CodeIgniter\CodeIgniter->runController(Object(App\Controllers\Pages))
#6 C:\xampp\htdocs\ci4app\system\CodeIgniter.php(333): CodeIgniter\CodeIgniter->handleRequest(NULL, Object(Config\Cache), false)
#7 C:\xampp\htdocs\ci4app\public\index.php(44): CodeIgniter\CodeIgniter->run()
#8 C:\xampp\htdocs\ci4app\system\Commands\Server\rewrite.php(45): require_once('C:\\xampp\\htdocs...')
#9 {main}
CRITICAL - 2020-12-29 23:08:29 --> Illegal string offset 'tipe'
#0 C:\xampp\htdocs\ci4app\app\Views\pages\contact.php(10): CodeIgniter\Debug\Exceptions->errorHandler(2, 'Illegal string ...', 'C:\\xampp\\htdocs...', 10, Array)
#1 C:\xampp\htdocs\ci4app\system\View\View.php(219): include('C:\\xampp\\htdocs...')
#2 C:\xampp\htdocs\ci4app\system\Common.php(1213): CodeIgniter\View\View->render('pages/contact', Array, true)
#3 C:\xampp\htdocs\ci4app\app\Controllers\Pages.php(38): view('pages/contact', Array)
#4 C:\xampp\htdocs\ci4app\system\CodeIgniter.php(931): App\Controllers\Pages->contact()
#5 C:\xampp\htdocs\ci4app\system\CodeIgniter.php(427): CodeIgniter\CodeIgniter->runController(Object(App\Controllers\Pages))
#6 C:\xampp\htdocs\ci4app\system\CodeIgniter.php(333): CodeIgniter\CodeIgniter->handleRequest(NULL, Object(Config\Cache), false)
#7 C:\xampp\htdocs\ci4app\public\index.php(44): CodeIgniter\CodeIgniter->run()
#8 C:\xampp\htdocs\ci4app\system\Commands\Server\rewrite.php(45): require_once('C:\\xampp\\htdocs...')
#9 {main}
CRITICAL - 2020-12-29 23:09:17 --> Illegal string offset 'alamat'
#0 C:\xampp\htdocs\ci4app\app\Views\pages\contact.php(11): CodeIgniter\Debug\Exceptions->errorHandler(2, 'Illegal string ...', 'C:\\xampp\\htdocs...', 11, Array)
#1 C:\xampp\htdocs\ci4app\system\View\View.php(219): include('C:\\xampp\\htdocs...')
#2 C:\xampp\htdocs\ci4app\system\Common.php(1213): CodeIgniter\View\View->render('pages/contact', Array, true)
#3 C:\xampp\htdocs\ci4app\app\Controllers\Pages.php(38): view('pages/contact', Array)
#4 C:\xampp\htdocs\ci4app\system\CodeIgniter.php(931): App\Controllers\Pages->contact()
#5 C:\xampp\htdocs\ci4app\system\CodeIgniter.php(427): CodeIgniter\CodeIgniter->runController(Object(App\Controllers\Pages))
#6 C:\xampp\htdocs\ci4app\system\CodeIgniter.php(333): CodeIgniter\CodeIgniter->handleRequest(NULL, Object(Config\Cache), false)
#7 C:\xampp\htdocs\ci4app\public\index.php(44): CodeIgniter\CodeIgniter->run()
#8 C:\xampp\htdocs\ci4app\system\Commands\Server\rewrite.php(45): require_once('C:\\xampp\\htdocs...')
#9 {main}
CRITICAL - 2020-12-29 23:10:12 --> Illegal string offset 'alamat'
#0 C:\xampp\htdocs\ci4app\app\Views\pages\contact.php(11): CodeIgniter\Debug\Exceptions->errorHandler(2, 'Illegal string ...', 'C:\\xampp\\htdocs...', 11, Array)
#1 C:\xampp\htdocs\ci4app\system\View\View.php(219): include('C:\\xampp\\htdocs...')
#2 C:\xampp\htdocs\ci4app\system\Common.php(1213): CodeIgniter\View\View->render('pages/contact', Array, true)
#3 C:\xampp\htdocs\ci4app\app\Controllers\Pages.php(38): view('pages/contact', Array)
#4 C:\xampp\htdocs\ci4app\system\CodeIgniter.php(931): App\Controllers\Pages->contact()
#5 C:\xampp\htdocs\ci4app\system\CodeIgniter.php(427): CodeIgniter\CodeIgniter->runController(Object(App\Controllers\Pages))
#6 C:\xampp\htdocs\ci4app\system\CodeIgniter.php(333): CodeIgniter\CodeIgniter->handleRequest(NULL, Object(Config\Cache), false)
#7 C:\xampp\htdocs\ci4app\public\index.php(44): CodeIgniter\CodeIgniter->run()
#8 C:\xampp\htdocs\ci4app\system\Commands\Server\rewrite.php(45): require_once('C:\\xampp\\htdocs...')
#9 {main}
CRITICAL - 2020-12-29 23:10:20 --> Illegal string offset 'tipe'
#0 C:\xampp\htdocs\ci4app\app\Views\pages\contact.php(10): CodeIgniter\Debug\Exceptions->errorHandler(2, 'Illegal string ...', 'C:\\xampp\\htdocs...', 10, Array)
#1 C:\xampp\htdocs\ci4app\system\View\View.php(219): include('C:\\xampp\\htdocs...')
#2 C:\xampp\htdocs\ci4app\system\Common.php(1213): CodeIgniter\View\View->render('pages/contact', Array, true)
#3 C:\xampp\htdocs\ci4app\app\Controllers\Pages.php(38): view('pages/contact', Array)
#4 C:\xampp\htdocs\ci4app\system\CodeIgniter.php(931): App\Controllers\Pages->contact()
#5 C:\xampp\htdocs\ci4app\system\CodeIgniter.php(427): CodeIgniter\CodeIgniter->runController(Object(App\Controllers\Pages))
#6 C:\xampp\htdocs\ci4app\system\CodeIgniter.php(333): CodeIgniter\CodeIgniter->handleRequest(NULL, Object(Config\Cache), false)
#7 C:\xampp\htdocs\ci4app\public\index.php(44): CodeIgniter\CodeIgniter->run()
#8 C:\xampp\htdocs\ci4app\system\Commands\Server\rewrite.php(45): require_once('C:\\xampp\\htdocs...')
#9 {main}
CRITICAL - 2020-12-29 23:23:18 --> Illegal string offset 'tipe'
#0 C:\xampp\htdocs\ci4app\app\Views\pages\contact.php(10): CodeIgniter\Debug\Exceptions->errorHandler(2, 'Illegal string ...', 'C:\\xampp\\htdocs...', 10, Array)
#1 C:\xampp\htdocs\ci4app\system\View\View.php(219): include('C:\\xampp\\htdocs...')
#2 C:\xampp\htdocs\ci4app\system\Common.php(1213): CodeIgniter\View\View->render('pages/contact', Array, true)
#3 C:\xampp\htdocs\ci4app\app\Controllers\Pages.php(38): view('pages/contact', Array)
#4 C:\xampp\htdocs\ci4app\system\CodeIgniter.php(931): App\Controllers\Pages->contact()
#5 C:\xampp\htdocs\ci4app\system\CodeIgniter.php(427): CodeIgniter\CodeIgniter->runController(Object(App\Controllers\Pages))
#6 C:\xampp\htdocs\ci4app\system\CodeIgniter.php(333): CodeIgniter\CodeIgniter->handleRequest(NULL, Object(Config\Cache), false)
#7 C:\xampp\htdocs\ci4app\public\index.php(44): CodeIgniter\CodeIgniter->run()
#8 C:\xampp\htdocs\ci4app\system\Commands\Server\rewrite.php(45): require_once('C:\\xampp\\htdocs...')
#9 {main}
CRITICAL - 2020-12-29 23:23:40 --> Illegal string offset 'tipe'
#0 C:\xampp\htdocs\ci4app\app\Views\pages\contact.php(10): CodeIgniter\Debug\Exceptions->errorHandler(2, 'Illegal string ...', 'C:\\xampp\\htdocs...', 10, Array)
#1 C:\xampp\htdocs\ci4app\system\View\View.php(219): include('C:\\xampp\\htdocs...')
#2 C:\xampp\htdocs\ci4app\system\Common.php(1213): CodeIgniter\View\View->render('pages/contact', Array, true)
#3 C:\xampp\htdocs\ci4app\app\Controllers\Pages.php(38): view('pages/contact', Array)
#4 C:\xampp\htdocs\ci4app\system\CodeIgniter.php(931): App\Controllers\Pages->contact()
#5 C:\xampp\htdocs\ci4app\system\CodeIgniter.php(427): CodeIgniter\CodeIgniter->runController(Object(App\Controllers\Pages))
#6 C:\xampp\htdocs\ci4app\system\CodeIgniter.php(333): CodeIgniter\CodeIgniter->handleRequest(NULL, Object(Config\Cache), false)
#7 C:\xampp\htdocs\ci4app\public\index.php(44): CodeIgniter\CodeIgniter->run()
#8 C:\xampp\htdocs\ci4app\system\Commands\Server\rewrite.php(45): require_once('C:\\xampp\\htdocs...')
#9 {main}
CRITICAL - 2020-12-29 23:27:45 --> Illegal string offset 'tipe'
#0 C:\xampp\htdocs\ci4app\app\Views\pages\contact.php(10): CodeIgniter\Debug\Exceptions->errorHandler(2, 'Illegal string ...', 'C:\\xampp\\htdocs...', 10, Array)
#1 C:\xampp\htdocs\ci4app\system\View\View.php(219): include('C:\\xampp\\htdocs...')
#2 C:\xampp\htdocs\ci4app\system\Common.php(1213): CodeIgniter\View\View->render('pages/contact', Array, true)
#3 C:\xampp\htdocs\ci4app\app\Controllers\Pages.php(38): view('pages/contact', Array)
#4 C:\xampp\htdocs\ci4app\system\CodeIgniter.php(931): App\Controllers\Pages->contact()
#5 C:\xampp\htdocs\ci4app\system\CodeIgniter.php(427): CodeIgniter\CodeIgniter->runController(Object(App\Controllers\Pages))
#6 C:\xampp\htdocs\ci4app\system\CodeIgniter.php(333): CodeIgniter\CodeIgniter->handleRequest(NULL, Object(Config\Cache), false)
#7 C:\xampp\htdocs\ci4app\public\index.php(44): CodeIgniter\CodeIgniter->run()
#8 C:\xampp\htdocs\ci4app\system\Commands\Server\rewrite.php(45): require_once('C:\\xampp\\htdocs...')
#9 {main}
CRITICAL - 2020-12-29 23:39:43 --> Undefined index: rumah
#0 C:\xampp\htdocs\ci4app\app\Views\pages\contact.php(12): CodeIgniter\Debug\Exceptions->errorHandler(8, 'Undefined index...', 'C:\\xampp\\htdocs...', 12, Array)
#1 C:\xampp\htdocs\ci4app\system\View\View.php(219): include('C:\\xampp\\htdocs...')
#2 C:\xampp\htdocs\ci4app\system\Common.php(1213): CodeIgniter\View\View->render('pages/contact', Array, true)
#3 C:\xampp\htdocs\ci4app\app\Controllers\Pages.php(40): view('pages/contact', Array)
#4 C:\xampp\htdocs\ci4app\system\CodeIgniter.php(931): App\Controllers\Pages->contact()
#5 C:\xampp\htdocs\ci4app\system\CodeIgniter.php(427): CodeIgniter\CodeIgniter->runController(Object(App\Controllers\Pages))
#6 C:\xampp\htdocs\ci4app\system\CodeIgniter.php(333): CodeIgniter\CodeIgniter->handleRequest(NULL, Object(Config\Cache), false)
#7 C:\xampp\htdocs\ci4app\public\index.php(44): CodeIgniter\CodeIgniter->run()
#8 C:\xampp\htdocs\ci4app\system\Commands\Server\rewrite.php(45): require_once('C:\\xampp\\htdocs...')
#9 {main}
