CRITICAL - 2021-01-06 02:04:53 --> Call to undefined method App\Models\TemanModel::andLike
#0 C:\xampp\htdocs\ci4app\app\Models\TemanModel.php(30): CodeIgniter\Model->__call('andLike', Array)
#1 C:\xampp\htdocs\ci4app\app\Controllers\Teman.php(29): App\Models\TemanModel->searchDouble('Jakarta', 'Maimunah')
#2 C:\xampp\htdocs\ci4app\system\CodeIgniter.php(931): App\Controllers\Teman->index()
#3 C:\xampp\htdocs\ci4app\system\CodeIgniter.php(427): CodeIgniter\CodeIgniter->runController(Object(App\Controllers\Teman))
#4 C:\xampp\htdocs\ci4app\system\CodeIgniter.php(333): CodeIgniter\CodeIgniter->handleRequest(NULL, Object(Config\Cache), false)
#5 C:\xampp\htdocs\ci4app\public\index.php(44): CodeIgniter\CodeIgniter->run()
#6 C:\xampp\htdocs\ci4app\system\Commands\Server\rewrite.php(45): require_once('C:\\xampp\\htdocs...')
#7 {main}
CRITICAL - 2021-01-06 20:03:01 --> Argument 1 passed to CodeIgniter\BaseModel::paginate() must be of the type int or null, string given, called in C:\xampp\htdocs\ci4app\app\Controllers\Teman.php on line 46
#0 C:\xampp\htdocs\ci4app\app\Controllers\Teman.php(46): CodeIgniter\BaseModel->paginate('-Batas Halaman-', 'teman')
#1 C:\xampp\htdocs\ci4app\system\CodeIgniter.php(931): App\Controllers\Teman->index()
#2 C:\xampp\htdocs\ci4app\system\CodeIgniter.php(427): CodeIgniter\CodeIgniter->runController(Object(App\Controllers\Teman))
#3 C:\xampp\htdocs\ci4app\system\CodeIgniter.php(333): CodeIgniter\CodeIgniter->handleRequest(NULL, Object(Config\Cache), false)
#4 C:\xampp\htdocs\ci4app\public\index.php(44): CodeIgniter\CodeIgniter->run()
#5 C:\xampp\htdocs\ci4app\system\Commands\Server\rewrite.php(45): require_once('C:\\xampp\\htdocs...')
#6 {main}
CRITICAL - 2021-01-06 20:47:33 --> Argument 1 passed to CodeIgniter\BaseModel::paginate() must be of the type int or null, string given, called in C:\xampp\htdocs\ci4app\app\Controllers\Teman.php on line 51
#0 C:\xampp\htdocs\ci4app\app\Controllers\Teman.php(51): CodeIgniter\BaseModel->paginate('-Batas Halaman-', 'teman')
#1 C:\xampp\htdocs\ci4app\system\CodeIgniter.php(931): App\Controllers\Teman->index()
#2 C:\xampp\htdocs\ci4app\system\CodeIgniter.php(427): CodeIgniter\CodeIgniter->runController(Object(App\Controllers\Teman))
#3 C:\xampp\htdocs\ci4app\system\CodeIgniter.php(333): CodeIgniter\CodeIgniter->handleRequest(NULL, Object(Config\Cache), false)
#4 C:\xampp\htdocs\ci4app\public\index.php(44): CodeIgniter\CodeIgniter->run()
#5 C:\xampp\htdocs\ci4app\system\Commands\Server\rewrite.php(45): require_once('C:\\xampp\\htdocs...')
#6 {main}
CRITICAL - 2021-01-06 21:12:27 --> syntax error, unexpected 'if' (T_IF)
#0 C:\xampp\htdocs\ci4app\system\Router\Router.php(170): CodeIgniter\Router\Router->autoRoute('teman')
#1 C:\xampp\htdocs\ci4app\system\CodeIgniter.php(811): CodeIgniter\Router\Router->handle('teman')
#2 C:\xampp\htdocs\ci4app\system\CodeIgniter.php(385): CodeIgniter\CodeIgniter->tryToRouteIt(Object(CodeIgniter\Router\RouteCollection))
#3 C:\xampp\htdocs\ci4app\system\CodeIgniter.php(333): CodeIgniter\CodeIgniter->handleRequest(NULL, Object(Config\Cache), false)
#4 C:\xampp\htdocs\ci4app\public\index.php(44): CodeIgniter\CodeIgniter->run()
#5 C:\xampp\htdocs\ci4app\system\Commands\Server\rewrite.php(45): require_once('C:\\xampp\\htdocs...')
#6 {main}
