CRITICAL - 2021-01-02 08:12:33 --> Call to a member function getError() on null
#0 C:\xampp\htdocs\ci4app\system\CodeIgniter.php(931): App\Controllers\Anime->update('16')
#1 C:\xampp\htdocs\ci4app\system\CodeIgniter.php(427): CodeIgniter\CodeIgniter->runController(Object(App\Controllers\Anime))
#2 C:\xampp\htdocs\ci4app\system\CodeIgniter.php(333): CodeIgniter\CodeIgniter->handleRequest(NULL, Object(Config\Cache), false)
#3 C:\xampp\htdocs\ci4app\public\index.php(44): CodeIgniter\CodeIgniter->run()
#4 C:\xampp\htdocs\ci4app\system\Commands\Server\rewrite.php(45): require_once('C:\\xampp\\htdocs...')
#5 {main}
CRITICAL - 2021-01-02 08:15:07 --> Call to a member function getError() on null
#0 C:\xampp\htdocs\ci4app\system\CodeIgniter.php(931): App\Controllers\Anime->update('16')
#1 C:\xampp\htdocs\ci4app\system\CodeIgniter.php(427): CodeIgniter\CodeIgniter->runController(Object(App\Controllers\Anime))
#2 C:\xampp\htdocs\ci4app\system\CodeIgniter.php(333): CodeIgniter\CodeIgniter->handleRequest(NULL, Object(Config\Cache), false)
#3 C:\xampp\htdocs\ci4app\public\index.php(44): CodeIgniter\CodeIgniter->run()
#4 C:\xampp\htdocs\ci4app\system\Commands\Server\rewrite.php(45): require_once('C:\\xampp\\htdocs...')
#5 {main}
CRITICAL - 2021-01-02 08:58:20 --> Function name must be a string
#0 C:\xampp\htdocs\ci4app\system\View\View.php(219): include()
#1 C:\xampp\htdocs\ci4app\system\Common.php(1213): CodeIgniter\View\View->render('anime/edit', Array, true)
#2 C:\xampp\htdocs\ci4app\app\Controllers\Anime.php(148): view('anime/edit', Array)
#3 C:\xampp\htdocs\ci4app\system\CodeIgniter.php(931): App\Controllers\Anime->edit('sayang-anak')
#4 C:\xampp\htdocs\ci4app\system\CodeIgniter.php(427): CodeIgniter\CodeIgniter->runController(Object(App\Controllers\Anime))
#5 C:\xampp\htdocs\ci4app\system\CodeIgniter.php(333): CodeIgniter\CodeIgniter->handleRequest(NULL, Object(Config\Cache), false)
#6 C:\xampp\htdocs\ci4app\public\index.php(44): CodeIgniter\CodeIgniter->run()
#7 C:\xampp\htdocs\ci4app\system\Commands\Server\rewrite.php(45): require_once('C:\\xampp\\htdocs...')
#8 {main}
ERROR - 2021-01-02 19:44:05 --> mysqli_sql_exception: You have an error in your SQL syntax; check the manual that corresponds to your MariaDB server version for the right syntax to use near '0, 1, 2) VALUES (('Arova Syams Wifqo','Jl. hibrida 8 Bengkulu','2021-01-02 19...' at line 1 in C:\xampp\htdocs\ci4app\system\Database\MySQLi\Connection.php:314
Stack trace:
#0 C:\xampp\htdocs\ci4app\system\Database\MySQLi\Connection.php(314): mysqli->query('INSERT INTO `te...')
#1 C:\xampp\htdocs\ci4app\system\Database\BaseConnection.php(697): CodeIgniter\Database\MySQLi\Connection->execute('INSERT INTO `te...')
#2 C:\xampp\htdocs\ci4app\system\Database\BaseConnection.php(625): CodeIgniter\Database\BaseConnection->simpleQuery('INSERT INTO `te...')
#3 C:\xampp\htdocs\ci4app\system\Database\BaseBuilder.php(2265): CodeIgniter\Database\BaseConnection->query('INSERT INTO `te...', Array, false)
#4 C:\xampp\htdocs\ci4app\app\Database\Seeds\TemanSeeder.php(40): CodeIgniter\Database\BaseBuilder->insert(Array)
#5 C:\xampp\htdocs\ci4app\system\Database\Seeder.php(171): App\Database\Seeds\TemanSeeder->run()
#6 C:\xampp\htdocs\ci4app\system\Commands\Database\Seed.php(83): CodeIgniter\Database\Seeder->call('App\\Database\\Se...')
#7 C:\xampp\htdocs\ci4app\system\CLI\Commands.php(70): CodeIgniter\Commands\Database\Seed->run(Array)
#8 C:\xampp\htdocs\ci4app\system\CLI\CommandRunner.php(80): CodeIgniter\CLI\Commands->run('db:seed', Array)
#9 C:\xampp\htdocs\ci4app\system\CLI\CommandRunner.php(58): CodeIgniter\CLI\CommandRunner->index(Array)
#10 C:\xampp\htdocs\ci4app\system\CodeIgniter.php(927): CodeIgniter\CLI\CommandRunner->_remap('index', 'db:seed', 'TemanSeeder')
#11 C:\xampp\htdocs\ci4app\system\CodeIgniter.php(427): CodeIgniter\CodeIgniter->runController(Object(CodeIgniter\CLI\CommandRunner))
#12 C:\xampp\htdocs\ci4app\system\CodeIgniter.php(333): CodeIgniter\CodeIgniter->handleRequest(NULL, Object(Config\Cache), false)
#13 C:\xampp\htdocs\ci4app\system\CLI\Console.php(61): CodeIgniter\CodeIgniter->run()
#14 C:\xampp\htdocs\ci4app\spark(66): CodeIgniter\CLI\Console->run()
#15 {main}
ERROR - 2021-01-02 19:44:43 --> mysqli_sql_exception: You have an error in your SQL syntax; check the manual that corresponds to your MariaDB server version for the right syntax to use near '0, 1, 2) VALUES (('Arova Syams Wifqo','Jl. hibrida 8 Bengkulu','2021-01-02 19...' at line 1 in C:\xampp\htdocs\ci4app\system\Database\MySQLi\Connection.php:314
Stack trace:
#0 C:\xampp\htdocs\ci4app\system\Database\MySQLi\Connection.php(314): mysqli->query('INSERT INTO `te...')
#1 C:\xampp\htdocs\ci4app\system\Database\BaseConnection.php(697): CodeIgniter\Database\MySQLi\Connection->execute('INSERT INTO `te...')
#2 C:\xampp\htdocs\ci4app\system\Database\BaseConnection.php(625): CodeIgniter\Database\BaseConnection->simpleQuery('INSERT INTO `te...')
#3 C:\xampp\htdocs\ci4app\system\Database\BaseBuilder.php(2265): CodeIgniter\Database\BaseConnection->query('INSERT INTO `te...', Array, false)
#4 C:\xampp\htdocs\ci4app\app\Database\Seeds\TemanSeeder.php(40): CodeIgniter\Database\BaseBuilder->insert(Array)
#5 C:\xampp\htdocs\ci4app\system\Database\Seeder.php(171): App\Database\Seeds\TemanSeeder->run()
#6 C:\xampp\htdocs\ci4app\system\Commands\Database\Seed.php(83): CodeIgniter\Database\Seeder->call('App\\Database\\Se...')
#7 C:\xampp\htdocs\ci4app\system\CLI\Commands.php(70): CodeIgniter\Commands\Database\Seed->run(Array)
#8 C:\xampp\htdocs\ci4app\system\CLI\CommandRunner.php(80): CodeIgniter\CLI\Commands->run('db:seed', Array)
#9 C:\xampp\htdocs\ci4app\system\CLI\CommandRunner.php(58): CodeIgniter\CLI\CommandRunner->index(Array)
#10 C:\xampp\htdocs\ci4app\system\CodeIgniter.php(927): CodeIgniter\CLI\CommandRunner->_remap('index', 'db:seed', 'TemanSeeder')
#11 C:\xampp\htdocs\ci4app\system\CodeIgniter.php(427): CodeIgniter\CodeIgniter->runController(Object(CodeIgniter\CLI\CommandRunner))
#12 C:\xampp\htdocs\ci4app\system\CodeIgniter.php(333): CodeIgniter\CodeIgniter->handleRequest(NULL, Object(Config\Cache), false)
#13 C:\xampp\htdocs\ci4app\system\CLI\Console.php(61): CodeIgniter\CodeIgniter->run()
#14 C:\xampp\htdocs\ci4app\spark(66): CodeIgniter\CLI\Console->run()
#15 {main}
ERROR - 2021-01-02 20:08:33 --> mysqli_sql_exception: Table 'ci4.users' doesn't exist in C:\xampp\htdocs\ci4app\system\Database\MySQLi\Connection.php:314
Stack trace:
#0 C:\xampp\htdocs\ci4app\system\Database\MySQLi\Connection.php(314): mysqli->query('INSERT INTO `us...')
#1 C:\xampp\htdocs\ci4app\system\Database\BaseConnection.php(697): CodeIgniter\Database\MySQLi\Connection->execute('INSERT INTO `us...')
#2 C:\xampp\htdocs\ci4app\system\Database\BaseConnection.php(625): CodeIgniter\Database\BaseConnection->simpleQuery('INSERT INTO `us...')
#3 C:\xampp\htdocs\ci4app\system\Database\BaseBuilder.php(2265): CodeIgniter\Database\BaseConnection->query('INSERT INTO `us...', Array, false)
#4 C:\xampp\htdocs\ci4app\app\Database\Seeds\TemanSeeder.php(48): CodeIgniter\Database\BaseBuilder->insert(Array)
#5 C:\xampp\htdocs\ci4app\system\Database\Seeder.php(171): App\Database\Seeds\TemanSeeder->run()
#6 C:\xampp\htdocs\ci4app\system\Commands\Database\Seed.php(83): CodeIgniter\Database\Seeder->call('App\\Database\\Se...')
#7 C:\xampp\htdocs\ci4app\system\CLI\Commands.php(70): CodeIgniter\Commands\Database\Seed->run(Array)
#8 C:\xampp\htdocs\ci4app\system\CLI\CommandRunner.php(80): CodeIgniter\CLI\Commands->run('db:seed', Array)
#9 C:\xampp\htdocs\ci4app\system\CLI\CommandRunner.php(58): CodeIgniter\CLI\CommandRunner->index(Array)
#10 C:\xampp\htdocs\ci4app\system\CodeIgniter.php(927): CodeIgniter\CLI\CommandRunner->_remap('index', 'db:seed', 'TemanSeeder')
#11 C:\xampp\htdocs\ci4app\system\CodeIgniter.php(427): CodeIgniter\CodeIgniter->runController(Object(CodeIgniter\CLI\CommandRunner))
#12 C:\xampp\htdocs\ci4app\system\CodeIgniter.php(333): CodeIgniter\CodeIgniter->handleRequest(NULL, Object(Config\Cache), false)
#13 C:\xampp\htdocs\ci4app\system\CLI\Console.php(61): CodeIgniter\CodeIgniter->run()
#14 C:\xampp\htdocs\ci4app\spark(66): CodeIgniter\CLI\Console->run()
#15 {main}
ERROR - 2021-01-02 20:10:11 --> mysqli_sql_exception: Table 'ci4.users' doesn't exist in C:\xampp\htdocs\ci4app\system\Database\MySQLi\Connection.php:314
Stack trace:
#0 C:\xampp\htdocs\ci4app\system\Database\MySQLi\Connection.php(314): mysqli->query('INSERT INTO `us...')
#1 C:\xampp\htdocs\ci4app\system\Database\BaseConnection.php(697): CodeIgniter\Database\MySQLi\Connection->execute('INSERT INTO `us...')
#2 C:\xampp\htdocs\ci4app\system\Database\BaseConnection.php(625): CodeIgniter\Database\BaseConnection->simpleQuery('INSERT INTO `us...')
#3 C:\xampp\htdocs\ci4app\system\Database\BaseBuilder.php(2265): CodeIgniter\Database\BaseConnection->query('INSERT INTO `us...', Array, false)
#4 C:\xampp\htdocs\ci4app\app\Database\Seeds\TemanSeeder.php(48): CodeIgniter\Database\BaseBuilder->insert(Array)
#5 C:\xampp\htdocs\ci4app\system\Database\Seeder.php(171): App\Database\Seeds\TemanSeeder->run()
#6 C:\xampp\htdocs\ci4app\system\Commands\Database\Seed.php(83): CodeIgniter\Database\Seeder->call('App\\Database\\Se...')
#7 C:\xampp\htdocs\ci4app\system\CLI\Commands.php(70): CodeIgniter\Commands\Database\Seed->run(Array)
#8 C:\xampp\htdocs\ci4app\system\CLI\CommandRunner.php(80): CodeIgniter\CLI\Commands->run('db:seed', Array)
#9 C:\xampp\htdocs\ci4app\system\CLI\CommandRunner.php(58): CodeIgniter\CLI\CommandRunner->index(Array)
#10 C:\xampp\htdocs\ci4app\system\CodeIgniter.php(927): CodeIgniter\CLI\CommandRunner->_remap('index', 'db:seed', 'TemanSeeder')
#11 C:\xampp\htdocs\ci4app\system\CodeIgniter.php(427): CodeIgniter\CodeIgniter->runController(Object(CodeIgniter\CLI\CommandRunner))
#12 C:\xampp\htdocs\ci4app\system\CodeIgniter.php(333): CodeIgniter\CodeIgniter->handleRequest(NULL, Object(Config\Cache), false)
#13 C:\xampp\htdocs\ci4app\system\CLI\Console.php(61): CodeIgniter\CodeIgniter->run()
#14 C:\xampp\htdocs\ci4app\spark(66): CodeIgniter\CLI\Console->run()
#15 {main}
CRITICAL - 2021-01-02 21:36:07 --> Class 'App\Models\TemanModel' not found
#0 C:\xampp\htdocs\ci4app\system\CodeIgniter.php(903): App\Controllers\Teman->__construct()
#1 C:\xampp\htdocs\ci4app\system\CodeIgniter.php(417): CodeIgniter\CodeIgniter->createController()
#2 C:\xampp\htdocs\ci4app\system\CodeIgniter.php(333): CodeIgniter\CodeIgniter->handleRequest(NULL, Object(Config\Cache), false)
#3 C:\xampp\htdocs\ci4app\public\index.php(44): CodeIgniter\CodeIgniter->run()
#4 C:\xampp\htdocs\ci4app\system\Commands\Server\rewrite.php(45): require_once('C:\\xampp\\htdocs...')
#5 {main}
CRITICAL - 2021-01-02 21:36:25 --> Class 'App\Models\TemanModel' not found
#0 C:\xampp\htdocs\ci4app\system\CodeIgniter.php(903): App\Controllers\Teman->__construct()
#1 C:\xampp\htdocs\ci4app\system\CodeIgniter.php(417): CodeIgniter\CodeIgniter->createController()
#2 C:\xampp\htdocs\ci4app\system\CodeIgniter.php(333): CodeIgniter\CodeIgniter->handleRequest(NULL, Object(Config\Cache), false)
#3 C:\xampp\htdocs\ci4app\public\index.php(44): CodeIgniter\CodeIgniter->run()
#4 C:\xampp\htdocs\ci4app\system\Commands\Server\rewrite.php(45): require_once('C:\\xampp\\htdocs...')
#5 {main}
CRITICAL - 2021-01-02 21:37:03 --> Undefined variable: teman
#0 C:\xampp\htdocs\ci4app\app\Views\teman\index.php(21): CodeIgniter\Debug\Exceptions->errorHandler(8, 'Undefined varia...', 'C:\\xampp\\htdocs...', 21, Array)
#1 C:\xampp\htdocs\ci4app\system\View\View.php(219): include('C:\\xampp\\htdocs...')
#2 C:\xampp\htdocs\ci4app\system\Common.php(1213): CodeIgniter\View\View->render('teman/index', Array, true)
#3 C:\xampp\htdocs\ci4app\app\Controllers\Teman.php(26): view('teman/index', Array)
#4 C:\xampp\htdocs\ci4app\system\CodeIgniter.php(931): App\Controllers\Teman->index()
#5 C:\xampp\htdocs\ci4app\system\CodeIgniter.php(427): CodeIgniter\CodeIgniter->runController(Object(App\Controllers\Teman))
#6 C:\xampp\htdocs\ci4app\system\CodeIgniter.php(333): CodeIgniter\CodeIgniter->handleRequest(NULL, Object(Config\Cache), false)
#7 C:\xampp\htdocs\ci4app\public\index.php(44): CodeIgniter\CodeIgniter->run()
#8 C:\xampp\htdocs\ci4app\system\Commands\Server\rewrite.php(45): require_once('C:\\xampp\\htdocs...')
#9 {main}
CRITICAL - 2021-01-02 22:45:04 --> Call to undefined method App\Models\TemanModel::getVar
#0 C:\xampp\htdocs\ci4app\app\Controllers\Teman.php(21): CodeIgniter\Model->__call('getVar', Array)
#1 C:\xampp\htdocs\ci4app\system\CodeIgniter.php(931): App\Controllers\Teman->index()
#2 C:\xampp\htdocs\ci4app\system\CodeIgniter.php(427): CodeIgniter\CodeIgniter->runController(Object(App\Controllers\Teman))
#3 C:\xampp\htdocs\ci4app\system\CodeIgniter.php(333): CodeIgniter\CodeIgniter->handleRequest(NULL, Object(Config\Cache), false)
#4 C:\xampp\htdocs\ci4app\public\index.php(44): CodeIgniter\CodeIgniter->run()
#5 C:\xampp\htdocs\ci4app\system\Commands\Server\rewrite.php(45): require_once('C:\\xampp\\htdocs...')
#6 {main}
