CRITICAL - 2021-01-01 01:00:46 --> Undefined index: slug 
#0 C:\xampp\htdocs\ci4app\app\Views\anime\detail.php(19): CodeIgniter\Debug\Exceptions->errorHandler(8, 'Undefined index...', 'C:\\xampp\\htdocs...', 19, Array)
#1 C:\xampp\htdocs\ci4app\system\View\View.php(219): include('C:\\xampp\\htdocs...')
#2 C:\xampp\htdocs\ci4app\system\Common.php(1213): CodeIgniter\View\View->render('anime/detail', Array, true)
#3 C:\xampp\htdocs\ci4app\app\Controllers\Anime.php(40): view('anime/detail', Array)
#4 C:\xampp\htdocs\ci4app\system\CodeIgniter.php(931): App\Controllers\Anime->detail('shingeki-no-kyo...')
#5 C:\xampp\htdocs\ci4app\system\CodeIgniter.php(427): CodeIgniter\CodeIgniter->runController(Object(App\Controllers\Anime))
#6 C:\xampp\htdocs\ci4app\system\CodeIgniter.php(333): CodeIgniter\CodeIgniter->handleRequest(NULL, Object(Config\Cache), false)
#7 C:\xampp\htdocs\ci4app\public\index.php(44): CodeIgniter\CodeIgniter->run()
#8 C:\xampp\htdocs\ci4app\system\Commands\Server\rewrite.php(45): require_once('C:\\xampp\\htdocs...')
#9 {main}
CRITICAL - 2021-01-01 01:53:40 --> Object of class CodeIgniter\HTTP\IncomingRequest could not be converted to string
#0 C:\xampp\htdocs\ci4app\system\CodeIgniter.php(931): App\Controllers\Anime->update('12')
#1 C:\xampp\htdocs\ci4app\system\CodeIgniter.php(427): CodeIgniter\CodeIgniter->runController(Object(App\Controllers\Anime))
#2 C:\xampp\htdocs\ci4app\system\CodeIgniter.php(333): CodeIgniter\CodeIgniter->handleRequest(NULL, Object(Config\Cache), false)
#3 C:\xampp\htdocs\ci4app\public\index.php(44): CodeIgniter\CodeIgniter->run()
#4 C:\xampp\htdocs\ci4app\system\Commands\Server\rewrite.php(45): require_once('C:\\xampp\\htdocs...')
#5 {main}
CRITICAL - 2021-01-01 01:54:29 --> Object of class CodeIgniter\HTTP\IncomingRequest could not be converted to string
#0 C:\xampp\htdocs\ci4app\system\CodeIgniter.php(931): App\Controllers\Anime->update('12')
#1 C:\xampp\htdocs\ci4app\system\CodeIgniter.php(427): CodeIgniter\CodeIgniter->runController(Object(App\Controllers\Anime))
#2 C:\xampp\htdocs\ci4app\system\CodeIgniter.php(333): CodeIgniter\CodeIgniter->handleRequest(NULL, Object(Config\Cache), false)
#3 C:\xampp\htdocs\ci4app\public\index.php(44): CodeIgniter\CodeIgniter->run()
#4 C:\xampp\htdocs\ci4app\system\Commands\Server\rewrite.php(45): require_once('C:\\xampp\\htdocs...')
#5 {main}
CRITICAL - 2021-01-01 01:54:48 --> Object of class CodeIgniter\HTTP\IncomingRequest could not be converted to string
#0 C:\xampp\htdocs\ci4app\system\CodeIgniter.php(931): App\Controllers\Anime->update('12')
#1 C:\xampp\htdocs\ci4app\system\CodeIgniter.php(427): CodeIgniter\CodeIgniter->runController(Object(App\Controllers\Anime))
#2 C:\xampp\htdocs\ci4app\system\CodeIgniter.php(333): CodeIgniter\CodeIgniter->handleRequest(NULL, Object(Config\Cache), false)
#3 C:\xampp\htdocs\ci4app\public\index.php(44): CodeIgniter\CodeIgniter->run()
#4 C:\xampp\htdocs\ci4app\system\Commands\Server\rewrite.php(45): require_once('C:\\xampp\\htdocs...')
#5 {main}
CRITICAL - 2021-01-01 01:55:31 --> Object of class App\Models\AnimeModel could not be converted to string
#0 C:\xampp\htdocs\ci4app\system\CodeIgniter.php(931): App\Controllers\Anime->update('12')
#1 C:\xampp\htdocs\ci4app\system\CodeIgniter.php(427): CodeIgniter\CodeIgniter->runController(Object(App\Controllers\Anime))
#2 C:\xampp\htdocs\ci4app\system\CodeIgniter.php(333): CodeIgniter\CodeIgniter->handleRequest(NULL, Object(Config\Cache), false)
#3 C:\xampp\htdocs\ci4app\public\index.php(44): CodeIgniter\CodeIgniter->run()
#4 C:\xampp\htdocs\ci4app\system\Commands\Server\rewrite.php(45): require_once('C:\\xampp\\htdocs...')
#5 {main}
ERROR - 2021-01-01 02:04:28 --> mysqli_sql_exception: Unknown column '{field}' in 'where clause' in C:\xampp\htdocs\ci4app\system\Database\MySQLi\Connection.php:314
Stack trace:
#0 C:\xampp\htdocs\ci4app\system\Database\MySQLi\Connection.php(314): mysqli->query('SELECT 1\nFROM `...')
#1 C:\xampp\htdocs\ci4app\system\Database\BaseConnection.php(697): CodeIgniter\Database\MySQLi\Connection->execute('SELECT 1\nFROM `...')
#2 C:\xampp\htdocs\ci4app\system\Database\BaseConnection.php(625): CodeIgniter\Database\BaseConnection->simpleQuery('SELECT 1\nFROM `...')
#3 C:\xampp\htdocs\ci4app\system\Database\BaseBuilder.php(1866): CodeIgniter\Database\BaseConnection->query('SELECT 1\nFROM `...', Array, false)
#4 C:\xampp\htdocs\ci4app\system\Validation\Rules.php(212): CodeIgniter\Database\BaseBuilder->get()
#5 C:\xampp\htdocs\ci4app\system\Validation\Validation.php(305): CodeIgniter\Validation\Rules->is_unique('Shingeki No Kyo...', '{field}', Array, NULL)
#6 C:\xampp\htdocs\ci4app\system\Validation\Validation.php(164): CodeIgniter\Validation\Validation->processRules('judul', 'judul', 'Shingeki No Kyo...', Array, Array)
#7 C:\xampp\htdocs\ci4app\system\Controller.php(181): CodeIgniter\Validation\Validation->run()
#8 C:\xampp\htdocs\ci4app\app\Controllers\Anime.php(141): CodeIgniter\Controller->validate(Array)
#9 C:\xampp\htdocs\ci4app\system\CodeIgniter.php(931): App\Controllers\Anime->update('12')
#10 C:\xampp\htdocs\ci4app\system\CodeIgniter.php(427): CodeIgniter\CodeIgniter->runController(Object(App\Controllers\Anime))
#11 C:\xampp\htdocs\ci4app\system\CodeIgniter.php(333): CodeIgniter\CodeIgniter->handleRequest(NULL, Object(Config\Cache), false)
#12 C:\xampp\htdocs\ci4app\public\index.php(44): CodeIgniter\CodeIgniter->run()
#13 C:\xampp\htdocs\ci4app\system\Commands\Server\rewrite.php(45): require_once('C:\\xampp\\htdocs...')
#14 {main}
CRITICAL - 2021-01-01 02:04:28 --> Unknown column '{field}' in 'where clause'
#0 C:\xampp\htdocs\ci4app\system\Database\MySQLi\Connection.php(314): mysqli->query('SELECT 1\nFROM `...')
#1 C:\xampp\htdocs\ci4app\system\Database\BaseConnection.php(697): CodeIgniter\Database\MySQLi\Connection->execute('SELECT 1\nFROM `...')
#2 C:\xampp\htdocs\ci4app\system\Database\BaseConnection.php(625): CodeIgniter\Database\BaseConnection->simpleQuery('SELECT 1\nFROM `...')
#3 C:\xampp\htdocs\ci4app\system\Database\BaseBuilder.php(1866): CodeIgniter\Database\BaseConnection->query('SELECT 1\nFROM `...', Array, false)
#4 C:\xampp\htdocs\ci4app\system\Validation\Rules.php(212): CodeIgniter\Database\BaseBuilder->get()
#5 C:\xampp\htdocs\ci4app\system\Validation\Validation.php(305): CodeIgniter\Validation\Rules->is_unique('Shingeki No Kyo...', '{field}', Array, NULL)
#6 C:\xampp\htdocs\ci4app\system\Validation\Validation.php(164): CodeIgniter\Validation\Validation->processRules('judul', 'judul', 'Shingeki No Kyo...', Array, Array)
#7 C:\xampp\htdocs\ci4app\system\Controller.php(181): CodeIgniter\Validation\Validation->run()
#8 C:\xampp\htdocs\ci4app\app\Controllers\Anime.php(141): CodeIgniter\Controller->validate(Array)
#9 C:\xampp\htdocs\ci4app\system\CodeIgniter.php(931): App\Controllers\Anime->update('12')
#10 C:\xampp\htdocs\ci4app\system\CodeIgniter.php(427): CodeIgniter\CodeIgniter->runController(Object(App\Controllers\Anime))
#11 C:\xampp\htdocs\ci4app\system\CodeIgniter.php(333): CodeIgniter\CodeIgniter->handleRequest(NULL, Object(Config\Cache), false)
#12 C:\xampp\htdocs\ci4app\public\index.php(44): CodeIgniter\CodeIgniter->run()
#13 C:\xampp\htdocs\ci4app\system\Commands\Server\rewrite.php(45): require_once('C:\\xampp\\htdocs...')
#14 {main}
ERROR - 2021-01-01 02:16:21 --> mysqli_sql_exception: Unknown column '{field}' in 'where clause' in C:\xampp\htdocs\ci4app\system\Database\MySQLi\Connection.php:314
Stack trace:
#0 C:\xampp\htdocs\ci4app\system\Database\MySQLi\Connection.php(314): mysqli->query('SELECT 1\nFROM `...')
#1 C:\xampp\htdocs\ci4app\system\Database\BaseConnection.php(697): CodeIgniter\Database\MySQLi\Connection->execute('SELECT 1\nFROM `...')
#2 C:\xampp\htdocs\ci4app\system\Database\BaseConnection.php(625): CodeIgniter\Database\BaseConnection->simpleQuery('SELECT 1\nFROM `...')
#3 C:\xampp\htdocs\ci4app\system\Database\BaseBuilder.php(1866): CodeIgniter\Database\BaseConnection->query('SELECT 1\nFROM `...', Array, false)
#4 C:\xampp\htdocs\ci4app\system\Validation\Rules.php(212): CodeIgniter\Database\BaseBuilder->get()
#5 C:\xampp\htdocs\ci4app\system\Validation\Validation.php(305): CodeIgniter\Validation\Rules->is_unique('Shingeki No Kyo...', '{field}', Array, NULL)
#6 C:\xampp\htdocs\ci4app\system\Validation\Validation.php(164): CodeIgniter\Validation\Validation->processRules('judul', 'judul', 'Shingeki No Kyo...', Array, Array)
#7 C:\xampp\htdocs\ci4app\system\Controller.php(181): CodeIgniter\Validation\Validation->run()
#8 C:\xampp\htdocs\ci4app\app\Controllers\Anime.php(141): CodeIgniter\Controller->validate(Array)
#9 C:\xampp\htdocs\ci4app\system\CodeIgniter.php(931): App\Controllers\Anime->update('12')
#10 C:\xampp\htdocs\ci4app\system\CodeIgniter.php(427): CodeIgniter\CodeIgniter->runController(Object(App\Controllers\Anime))
#11 C:\xampp\htdocs\ci4app\system\CodeIgniter.php(333): CodeIgniter\CodeIgniter->handleRequest(NULL, Object(Config\Cache), false)
#12 C:\xampp\htdocs\ci4app\public\index.php(44): CodeIgniter\CodeIgniter->run()
#13 C:\xampp\htdocs\ci4app\system\Commands\Server\rewrite.php(45): require_once('C:\\xampp\\htdocs...')
#14 {main}
CRITICAL - 2021-01-01 02:16:21 --> Unknown column '{field}' in 'where clause'
#0 C:\xampp\htdocs\ci4app\system\Database\MySQLi\Connection.php(314): mysqli->query('SELECT 1\nFROM `...')
#1 C:\xampp\htdocs\ci4app\system\Database\BaseConnection.php(697): CodeIgniter\Database\MySQLi\Connection->execute('SELECT 1\nFROM `...')
#2 C:\xampp\htdocs\ci4app\system\Database\BaseConnection.php(625): CodeIgniter\Database\BaseConnection->simpleQuery('SELECT 1\nFROM `...')
#3 C:\xampp\htdocs\ci4app\system\Database\BaseBuilder.php(1866): CodeIgniter\Database\BaseConnection->query('SELECT 1\nFROM `...', Array, false)
#4 C:\xampp\htdocs\ci4app\system\Validation\Rules.php(212): CodeIgniter\Database\BaseBuilder->get()
#5 C:\xampp\htdocs\ci4app\system\Validation\Validation.php(305): CodeIgniter\Validation\Rules->is_unique('Shingeki No Kyo...', '{field}', Array, NULL)
#6 C:\xampp\htdocs\ci4app\system\Validation\Validation.php(164): CodeIgniter\Validation\Validation->processRules('judul', 'judul', 'Shingeki No Kyo...', Array, Array)
#7 C:\xampp\htdocs\ci4app\system\Controller.php(181): CodeIgniter\Validation\Validation->run()
#8 C:\xampp\htdocs\ci4app\app\Controllers\Anime.php(141): CodeIgniter\Controller->validate(Array)
#9 C:\xampp\htdocs\ci4app\system\CodeIgniter.php(931): App\Controllers\Anime->update('12')
#10 C:\xampp\htdocs\ci4app\system\CodeIgniter.php(427): CodeIgniter\CodeIgniter->runController(Object(App\Controllers\Anime))
#11 C:\xampp\htdocs\ci4app\system\CodeIgniter.php(333): CodeIgniter\CodeIgniter->handleRequest(NULL, Object(Config\Cache), false)
#12 C:\xampp\htdocs\ci4app\public\index.php(44): CodeIgniter\CodeIgniter->run()
#13 C:\xampp\htdocs\ci4app\system\Commands\Server\rewrite.php(45): require_once('C:\\xampp\\htdocs...')
#14 {main}
ERROR - 2021-01-01 07:11:39 --> mysqli_sql_exception: Unknown column 'key' in 'where clause' in C:\xampp\htdocs\ci4app\system\Database\MySQLi\Connection.php:314
Stack trace:
#0 C:\xampp\htdocs\ci4app\system\Database\MySQLi\Connection.php(314): mysqli->query('SELECT 1\nFROM `...')
#1 C:\xampp\htdocs\ci4app\system\Database\BaseConnection.php(697): CodeIgniter\Database\MySQLi\Connection->execute('SELECT 1\nFROM `...')
#2 C:\xampp\htdocs\ci4app\system\Database\BaseConnection.php(625): CodeIgniter\Database\BaseConnection->simpleQuery('SELECT 1\nFROM `...')
#3 C:\xampp\htdocs\ci4app\system\Database\BaseBuilder.php(1866): CodeIgniter\Database\BaseConnection->query('SELECT 1\nFROM `...', Array, false)
#4 C:\xampp\htdocs\ci4app\system\Validation\Rules.php(212): CodeIgniter\Database\BaseBuilder->get()
#5 C:\xampp\htdocs\ci4app\system\Validation\Validation.php(305): CodeIgniter\Validation\Rules->is_unique('snk.jpeg', 'key', Array, NULL)
#6 C:\xampp\htdocs\ci4app\system\Validation\Validation.php(164): CodeIgniter\Validation\Validation->processRules('key_visual', 'key_visual', 'snk.jpeg', Array, Array)
#7 C:\xampp\htdocs\ci4app\system\Controller.php(181): CodeIgniter\Validation\Validation->run()
#8 C:\xampp\htdocs\ci4app\app\Controllers\Anime.php(142): CodeIgniter\Controller->validate(Array)
#9 C:\xampp\htdocs\ci4app\system\CodeIgniter.php(931): App\Controllers\Anime->update('12')
#10 C:\xampp\htdocs\ci4app\system\CodeIgniter.php(427): CodeIgniter\CodeIgniter->runController(Object(App\Controllers\Anime))
#11 C:\xampp\htdocs\ci4app\system\CodeIgniter.php(333): CodeIgniter\CodeIgniter->handleRequest(NULL, Object(Config\Cache), false)
#12 C:\xampp\htdocs\ci4app\public\index.php(44): CodeIgniter\CodeIgniter->run()
#13 C:\xampp\htdocs\ci4app\system\Commands\Server\rewrite.php(45): require_once('C:\\xampp\\htdocs...')
#14 {main}
CRITICAL - 2021-01-01 07:11:39 --> Unknown column 'key' in 'where clause'
#0 C:\xampp\htdocs\ci4app\system\Database\MySQLi\Connection.php(314): mysqli->query('SELECT 1\nFROM `...')
#1 C:\xampp\htdocs\ci4app\system\Database\BaseConnection.php(697): CodeIgniter\Database\MySQLi\Connection->execute('SELECT 1\nFROM `...')
#2 C:\xampp\htdocs\ci4app\system\Database\BaseConnection.php(625): CodeIgniter\Database\BaseConnection->simpleQuery('SELECT 1\nFROM `...')
#3 C:\xampp\htdocs\ci4app\system\Database\BaseBuilder.php(1866): CodeIgniter\Database\BaseConnection->query('SELECT 1\nFROM `...', Array, false)
#4 C:\xampp\htdocs\ci4app\system\Validation\Rules.php(212): CodeIgniter\Database\BaseBuilder->get()
#5 C:\xampp\htdocs\ci4app\system\Validation\Validation.php(305): CodeIgniter\Validation\Rules->is_unique('snk.jpeg', 'key', Array, NULL)
#6 C:\xampp\htdocs\ci4app\system\Validation\Validation.php(164): CodeIgniter\Validation\Validation->processRules('key_visual', 'key_visual', 'snk.jpeg', Array, Array)
#7 C:\xampp\htdocs\ci4app\system\Controller.php(181): CodeIgniter\Validation\Validation->run()
#8 C:\xampp\htdocs\ci4app\app\Controllers\Anime.php(142): CodeIgniter\Controller->validate(Array)
#9 C:\xampp\htdocs\ci4app\system\CodeIgniter.php(931): App\Controllers\Anime->update('12')
#10 C:\xampp\htdocs\ci4app\system\CodeIgniter.php(427): CodeIgniter\CodeIgniter->runController(Object(App\Controllers\Anime))
#11 C:\xampp\htdocs\ci4app\system\CodeIgniter.php(333): CodeIgniter\CodeIgniter->handleRequest(NULL, Object(Config\Cache), false)
#12 C:\xampp\htdocs\ci4app\public\index.php(44): CodeIgniter\CodeIgniter->run()
#13 C:\xampp\htdocs\ci4app\system\Commands\Server\rewrite.php(45): require_once('C:\\xampp\\htdocs...')
#14 {main}
ERROR - 2021-01-01 07:40:04 --> mysqli_sql_exception: Unknown column 'key' in 'where clause' in C:\xampp\htdocs\ci4app\system\Database\MySQLi\Connection.php:314
Stack trace:
#0 C:\xampp\htdocs\ci4app\system\Database\MySQLi\Connection.php(314): mysqli->query('SELECT 1\nFROM `...')
#1 C:\xampp\htdocs\ci4app\system\Database\BaseConnection.php(697): CodeIgniter\Database\MySQLi\Connection->execute('SELECT 1\nFROM `...')
#2 C:\xampp\htdocs\ci4app\system\Database\BaseConnection.php(625): CodeIgniter\Database\BaseConnection->simpleQuery('SELECT 1\nFROM `...')
#3 C:\xampp\htdocs\ci4app\system\Database\BaseBuilder.php(1866): CodeIgniter\Database\BaseConnection->query('SELECT 1\nFROM `...', Array, false)
#4 C:\xampp\htdocs\ci4app\system\Validation\Rules.php(212): CodeIgniter\Database\BaseBuilder->get()
#5 C:\xampp\htdocs\ci4app\system\Validation\Validation.php(305): CodeIgniter\Validation\Rules->is_unique('rezero.jpgdsd', 'key', Array, NULL)
#6 C:\xampp\htdocs\ci4app\system\Validation\Validation.php(164): CodeIgniter\Validation\Validation->processRules('key_visual', 'key_visual', 'rezero.jpgdsd', Array, Array)
#7 C:\xampp\htdocs\ci4app\system\Controller.php(181): CodeIgniter\Validation\Validation->run()
#8 C:\xampp\htdocs\ci4app\app\Controllers\Anime.php(142): CodeIgniter\Controller->validate(Array)
#9 C:\xampp\htdocs\ci4app\system\CodeIgniter.php(931): App\Controllers\Anime->update('2')
#10 C:\xampp\htdocs\ci4app\system\CodeIgniter.php(427): CodeIgniter\CodeIgniter->runController(Object(App\Controllers\Anime))
#11 C:\xampp\htdocs\ci4app\system\CodeIgniter.php(333): CodeIgniter\CodeIgniter->handleRequest(NULL, Object(Config\Cache), false)
#12 C:\xampp\htdocs\ci4app\public\index.php(44): CodeIgniter\CodeIgniter->run()
#13 C:\xampp\htdocs\ci4app\system\Commands\Server\rewrite.php(45): require_once('C:\\xampp\\htdocs...')
#14 {main}
CRITICAL - 2021-01-01 07:40:04 --> Unknown column 'key' in 'where clause'
#0 C:\xampp\htdocs\ci4app\system\Database\MySQLi\Connection.php(314): mysqli->query('SELECT 1\nFROM `...')
#1 C:\xampp\htdocs\ci4app\system\Database\BaseConnection.php(697): CodeIgniter\Database\MySQLi\Connection->execute('SELECT 1\nFROM `...')
#2 C:\xampp\htdocs\ci4app\system\Database\BaseConnection.php(625): CodeIgniter\Database\BaseConnection->simpleQuery('SELECT 1\nFROM `...')
#3 C:\xampp\htdocs\ci4app\system\Database\BaseBuilder.php(1866): CodeIgniter\Database\BaseConnection->query('SELECT 1\nFROM `...', Array, false)
#4 C:\xampp\htdocs\ci4app\system\Validation\Rules.php(212): CodeIgniter\Database\BaseBuilder->get()
#5 C:\xampp\htdocs\ci4app\system\Validation\Validation.php(305): CodeIgniter\Validation\Rules->is_unique('rezero.jpgdsd', 'key', Array, NULL)
#6 C:\xampp\htdocs\ci4app\system\Validation\Validation.php(164): CodeIgniter\Validation\Validation->processRules('key_visual', 'key_visual', 'rezero.jpgdsd', Array, Array)
#7 C:\xampp\htdocs\ci4app\system\Controller.php(181): CodeIgniter\Validation\Validation->run()
#8 C:\xampp\htdocs\ci4app\app\Controllers\Anime.php(142): CodeIgniter\Controller->validate(Array)
#9 C:\xampp\htdocs\ci4app\system\CodeIgniter.php(931): App\Controllers\Anime->update('2')
#10 C:\xampp\htdocs\ci4app\system\CodeIgniter.php(427): CodeIgniter\CodeIgniter->runController(Object(App\Controllers\Anime))
#11 C:\xampp\htdocs\ci4app\system\CodeIgniter.php(333): CodeIgniter\CodeIgniter->handleRequest(NULL, Object(Config\Cache), false)
#12 C:\xampp\htdocs\ci4app\public\index.php(44): CodeIgniter\CodeIgniter->run()
#13 C:\xampp\htdocs\ci4app\system\Commands\Server\rewrite.php(45): require_once('C:\\xampp\\htdocs...')
#14 {main}
CRITICAL - 2021-01-01 08:24:35 --> syntax error, unexpected ')', expecting ';'
#0 C:\xampp\htdocs\ci4app\system\Autoloader\Autoloader.php(274): CodeIgniter\Autoloader\Autoloader->includeFile('C:\\xampp\\htdocs...')
#1 C:\xampp\htdocs\ci4app\system\Autoloader\Autoloader.php(228): CodeIgniter\Autoloader\Autoloader->loadInNamespace('App\\Controllers...')
#2 [internal function]: CodeIgniter\Autoloader\Autoloader->loadClass('App\\Controllers...')
#3 [internal function]: spl_autoload_call('App\\Controllers...')
#4 C:\xampp\htdocs\ci4app\system\CodeIgniter.php(888): class_exists('\\App\\Controller...', true)
#5 C:\xampp\htdocs\ci4app\system\CodeIgniter.php(412): CodeIgniter\CodeIgniter->startController()
#6 C:\xampp\htdocs\ci4app\system\CodeIgniter.php(333): CodeIgniter\CodeIgniter->handleRequest(NULL, Object(Config\Cache), false)
#7 C:\xampp\htdocs\ci4app\public\index.php(44): CodeIgniter\CodeIgniter->run()
#8 C:\xampp\htdocs\ci4app\system\Commands\Server\rewrite.php(45): require_once('C:\\xampp\\htdocs...')
#9 {main}
CRITICAL - 2021-01-01 08:28:10 --> Argument 2 passed to CodeIgniter\Validation\FileRules::uploaded() must be of the type string, null given, called in C:\xampp\htdocs\ci4app\system\Validation\Validation.php on line 305
#0 C:\xampp\htdocs\ci4app\system\Validation\Validation.php(305): CodeIgniter\Validation\FileRules->uploaded(NULL, NULL)
#1 C:\xampp\htdocs\ci4app\system\Validation\Validation.php(164): CodeIgniter\Validation\Validation->processRules('key_visual', 'key_visual', NULL, Array, Array)
#2 C:\xampp\htdocs\ci4app\system\Controller.php(181): CodeIgniter\Validation\Validation->run()
#3 C:\xampp\htdocs\ci4app\app\Controllers\Anime.php(59): CodeIgniter\Controller->validate(Array)
#4 C:\xampp\htdocs\ci4app\system\CodeIgniter.php(931): App\Controllers\Anime->saves()
#5 C:\xampp\htdocs\ci4app\system\CodeIgniter.php(427): CodeIgniter\CodeIgniter->runController(Object(App\Controllers\Anime))
#6 C:\xampp\htdocs\ci4app\system\CodeIgniter.php(333): CodeIgniter\CodeIgniter->handleRequest(NULL, Object(Config\Cache), false)
#7 C:\xampp\htdocs\ci4app\public\index.php(44): CodeIgniter\CodeIgniter->run()
#8 C:\xampp\htdocs\ci4app\system\Commands\Server\rewrite.php(45): require_once('C:\\xampp\\htdocs...')
#9 {main}
CRITICAL - 2021-01-01 08:28:43 --> Argument 2 passed to CodeIgniter\Validation\FileRules::uploaded() must be of the type string, null given, called in C:\xampp\htdocs\ci4app\system\Validation\Validation.php on line 305
#0 C:\xampp\htdocs\ci4app\system\Validation\Validation.php(305): CodeIgniter\Validation\FileRules->uploaded(NULL, NULL)
#1 C:\xampp\htdocs\ci4app\system\Validation\Validation.php(164): CodeIgniter\Validation\Validation->processRules('key_visual', 'key_visual', NULL, Array, Array)
#2 C:\xampp\htdocs\ci4app\system\Controller.php(181): CodeIgniter\Validation\Validation->run()
#3 C:\xampp\htdocs\ci4app\app\Controllers\Anime.php(59): CodeIgniter\Controller->validate(Array)
#4 C:\xampp\htdocs\ci4app\system\CodeIgniter.php(931): App\Controllers\Anime->saves()
#5 C:\xampp\htdocs\ci4app\system\CodeIgniter.php(427): CodeIgniter\CodeIgniter->runController(Object(App\Controllers\Anime))
#6 C:\xampp\htdocs\ci4app\system\CodeIgniter.php(333): CodeIgniter\CodeIgniter->handleRequest(NULL, Object(Config\Cache), false)
#7 C:\xampp\htdocs\ci4app\public\index.php(44): CodeIgniter\CodeIgniter->run()
#8 C:\xampp\htdocs\ci4app\system\Commands\Server\rewrite.php(45): require_once('C:\\xampp\\htdocs...')
#9 {main}
CRITICAL - 2021-01-01 08:31:03 --> Argument 2 passed to CodeIgniter\Validation\FileRules::uploaded() must be of the type string, null given, called in C:\xampp\htdocs\ci4app\system\Validation\Validation.php on line 305
#0 C:\xampp\htdocs\ci4app\system\Validation\Validation.php(305): CodeIgniter\Validation\FileRules->uploaded(NULL, NULL)
#1 C:\xampp\htdocs\ci4app\system\Validation\Validation.php(164): CodeIgniter\Validation\Validation->processRules('key_visual', 'key_visual', NULL, Array, Array)
#2 C:\xampp\htdocs\ci4app\system\Controller.php(181): CodeIgniter\Validation\Validation->run()
#3 C:\xampp\htdocs\ci4app\app\Controllers\Anime.php(59): CodeIgniter\Controller->validate(Array)
#4 C:\xampp\htdocs\ci4app\system\CodeIgniter.php(931): App\Controllers\Anime->saves()
#5 C:\xampp\htdocs\ci4app\system\CodeIgniter.php(427): CodeIgniter\CodeIgniter->runController(Object(App\Controllers\Anime))
#6 C:\xampp\htdocs\ci4app\system\CodeIgniter.php(333): CodeIgniter\CodeIgniter->handleRequest(NULL, Object(Config\Cache), false)
#7 C:\xampp\htdocs\ci4app\public\index.php(44): CodeIgniter\CodeIgniter->run()
#8 C:\xampp\htdocs\ci4app\system\Commands\Server\rewrite.php(45): require_once('C:\\xampp\\htdocs...')
#9 {main}
CRITICAL - 2021-01-01 08:31:22 --> Argument 2 passed to CodeIgniter\Validation\FileRules::uploaded() must be of the type string, null given, called in C:\xampp\htdocs\ci4app\system\Validation\Validation.php on line 305
#0 C:\xampp\htdocs\ci4app\system\Validation\Validation.php(305): CodeIgniter\Validation\FileRules->uploaded(NULL, NULL)
#1 C:\xampp\htdocs\ci4app\system\Validation\Validation.php(164): CodeIgniter\Validation\Validation->processRules('key_visual', 'key_visual', NULL, Array, Array)
#2 C:\xampp\htdocs\ci4app\system\Controller.php(181): CodeIgniter\Validation\Validation->run()
#3 C:\xampp\htdocs\ci4app\app\Controllers\Anime.php(59): CodeIgniter\Controller->validate(Array)
#4 C:\xampp\htdocs\ci4app\system\CodeIgniter.php(931): App\Controllers\Anime->saves()
#5 C:\xampp\htdocs\ci4app\system\CodeIgniter.php(427): CodeIgniter\CodeIgniter->runController(Object(App\Controllers\Anime))
#6 C:\xampp\htdocs\ci4app\system\CodeIgniter.php(333): CodeIgniter\CodeIgniter->handleRequest(NULL, Object(Config\Cache), false)
#7 C:\xampp\htdocs\ci4app\public\index.php(44): CodeIgniter\CodeIgniter->run()
#8 C:\xampp\htdocs\ci4app\system\Commands\Server\rewrite.php(45): require_once('C:\\xampp\\htdocs...')
#9 {main}
CRITICAL - 2021-01-01 09:35:32 --> Trying to access array offset on value of type null
#0 C:\xampp\htdocs\ci4app\app\Controllers\Anime.php(127): CodeIgniter\Debug\Exceptions->errorHandler(8, 'Trying to acces...', 'C:\\xampp\\htdocs...', 127, Array)
#1 C:\xampp\htdocs\ci4app\system\CodeIgniter.php(931): App\Controllers\Anime->delete('14')
#2 C:\xampp\htdocs\ci4app\system\CodeIgniter.php(427): CodeIgniter\CodeIgniter->runController(Object(App\Controllers\Anime))
#3 C:\xampp\htdocs\ci4app\system\CodeIgniter.php(333): CodeIgniter\CodeIgniter->handleRequest(NULL, Object(Config\Cache), false)
#4 C:\xampp\htdocs\ci4app\public\index.php(44): CodeIgniter\CodeIgniter->run()
#5 C:\xampp\htdocs\ci4app\system\Commands\Server\rewrite.php(45): require_once('C:\\xampp\\htdocs...')
#6 {main}
CRITICAL - 2021-01-01 09:36:19 --> Trying to access array offset on value of type null
#0 C:\xampp\htdocs\ci4app\app\Controllers\Anime.php(127): CodeIgniter\Debug\Exceptions->errorHandler(8, 'Trying to acces...', 'C:\\xampp\\htdocs...', 127, Array)
#1 C:\xampp\htdocs\ci4app\system\CodeIgniter.php(931): App\Controllers\Anime->delete('14')
#2 C:\xampp\htdocs\ci4app\system\CodeIgniter.php(427): CodeIgniter\CodeIgniter->runController(Object(App\Controllers\Anime))
#3 C:\xampp\htdocs\ci4app\system\CodeIgniter.php(333): CodeIgniter\CodeIgniter->handleRequest(NULL, Object(Config\Cache), false)
#4 C:\xampp\htdocs\ci4app\public\index.php(44): CodeIgniter\CodeIgniter->run()
#5 C:\xampp\htdocs\ci4app\system\Commands\Server\rewrite.php(45): require_once('C:\\xampp\\htdocs...')
#6 {main}
CRITICAL - 2021-01-01 09:36:54 --> Trying to access array offset on value of type null
#0 C:\xampp\htdocs\ci4app\app\Controllers\Anime.php(127): CodeIgniter\Debug\Exceptions->errorHandler(8, 'Trying to acces...', 'C:\\xampp\\htdocs...', 127, Array)
#1 C:\xampp\htdocs\ci4app\system\CodeIgniter.php(931): App\Controllers\Anime->delete('14')
#2 C:\xampp\htdocs\ci4app\system\CodeIgniter.php(427): CodeIgniter\CodeIgniter->runController(Object(App\Controllers\Anime))
#3 C:\xampp\htdocs\ci4app\system\CodeIgniter.php(333): CodeIgniter\CodeIgniter->handleRequest(NULL, Object(Config\Cache), false)
#4 C:\xampp\htdocs\ci4app\public\index.php(44): CodeIgniter\CodeIgniter->run()
#5 C:\xampp\htdocs\ci4app\system\Commands\Server\rewrite.php(45): require_once('C:\\xampp\\htdocs...')
#6 {main}
CRITICAL - 2021-01-01 09:37:31 --> Trying to access array offset on value of type null
#0 C:\xampp\htdocs\ci4app\app\Controllers\Anime.php(127): CodeIgniter\Debug\Exceptions->errorHandler(8, 'Trying to acces...', 'C:\\xampp\\htdocs...', 127, Array)
#1 C:\xampp\htdocs\ci4app\system\CodeIgniter.php(931): App\Controllers\Anime->delete('14')
#2 C:\xampp\htdocs\ci4app\system\CodeIgniter.php(427): CodeIgniter\CodeIgniter->runController(Object(App\Controllers\Anime))
#3 C:\xampp\htdocs\ci4app\system\CodeIgniter.php(333): CodeIgniter\CodeIgniter->handleRequest(NULL, Object(Config\Cache), false)
#4 C:\xampp\htdocs\ci4app\public\index.php(44): CodeIgniter\CodeIgniter->run()
#5 C:\xampp\htdocs\ci4app\system\Commands\Server\rewrite.php(45): require_once('C:\\xampp\\htdocs...')
#6 {main}
CRITICAL - 2021-01-01 10:44:10 --> Call to a member function getError() on null
#0 C:\xampp\htdocs\ci4app\system\CodeIgniter.php(931): App\Controllers\Anime->update('16')
#1 C:\xampp\htdocs\ci4app\system\CodeIgniter.php(427): CodeIgniter\CodeIgniter->runController(Object(App\Controllers\Anime))
#2 C:\xampp\htdocs\ci4app\system\CodeIgniter.php(333): CodeIgniter\CodeIgniter->handleRequest(NULL, Object(Config\Cache), false)
#3 C:\xampp\htdocs\ci4app\public\index.php(44): CodeIgniter\CodeIgniter->run()
#4 C:\xampp\htdocs\ci4app\system\Commands\Server\rewrite.php(45): require_once('C:\\xampp\\htdocs...')
#5 {main}
CRITICAL - 2021-01-01 10:46:16 --> Argument 2 passed to CodeIgniter\Validation\FileRules::uploaded() must be of the type string, null given, called in C:\xampp\htdocs\ci4app\system\Validation\Validation.php on line 305
#0 C:\xampp\htdocs\ci4app\system\Validation\Validation.php(305): CodeIgniter\Validation\FileRules->uploaded('marwan-kenzari....', NULL)
#1 C:\xampp\htdocs\ci4app\system\Validation\Validation.php(164): CodeIgniter\Validation\Validation->processRules('key_visual', 'key_visual', 'marwan-kenzari....', Array, Array)
#2 C:\xampp\htdocs\ci4app\system\Controller.php(181): CodeIgniter\Validation\Validation->run()
#3 C:\xampp\htdocs\ci4app\app\Controllers\Anime.php(165): CodeIgniter\Controller->validate(Array)
#4 C:\xampp\htdocs\ci4app\system\CodeIgniter.php(931): App\Controllers\Anime->update('16')
#5 C:\xampp\htdocs\ci4app\system\CodeIgniter.php(427): CodeIgniter\CodeIgniter->runController(Object(App\Controllers\Anime))
#6 C:\xampp\htdocs\ci4app\system\CodeIgniter.php(333): CodeIgniter\CodeIgniter->handleRequest(NULL, Object(Config\Cache), false)
#7 C:\xampp\htdocs\ci4app\public\index.php(44): CodeIgniter\CodeIgniter->run()
#8 C:\xampp\htdocs\ci4app\system\Commands\Server\rewrite.php(45): require_once('C:\\xampp\\htdocs...')
#9 {main}
